*****SPLITING*****
/scratch/dmendoza/logs/testFiles/8276.fastq.gz
Split elapsed time: 233 seconds.
Attempting parallel trim
TRIM Startin with thread: 8
TRIM Startin with thread: 6
TRIM Startin with thread: 7
TRIM Startin with thread: 0
TRIM Startin with thread: 4
TRIM Startin with thread: 3
TRIM Startin with thread: 2
TRIM Startin with thread: 5
TRIM Startin with thread: 1
TRIM Startin with thread: 9
Thread: 5    Time: 30 Sec     Total Reads: 13137583Reads per 30 sec: 1363986

Thread: 2    Time: 30 Sec     Total Reads: 13255628Reads per 30 sec: 1352552

Thread: 0    Time: 30 Sec     Total Reads: 13255639Reads per 30 sec: 1303071

Thread: 1    Time: 30 Sec     Total Reads: 13255650Reads per 30 sec: 1364657

Thread: 8    Time: 30 Sec     Total Reads: 13255670Reads per 30 sec: 1364128

Thread: 9    Time: 30 Sec     Total Reads: 13255701Reads per 30 sec: 1362265

Thread: 7    Time: 30 Sec     Total Reads: 13255740Reads per 30 sec: 1353619

Thread: 3    Time: 30 Sec     Total Reads: 13255773Reads per 30 sec: 1361985

Thread: 4    Time: 30 Sec     Total Reads: 13255828Reads per 30 sec: 1358095

Thread: 6    Time: 30 Sec     Total Reads: 13255863Reads per 30 sec: 1360452

Thread: 5    Time: 60 Sec     Total Reads: 26347376Reads per 30 sec: 1373727

Thread: 0    Time: 60 Sec     Total Reads: 26470802Reads per 30 sec: 1289040

Thread: 1    Time: 60 Sec     Total Reads: 26470812Reads per 30 sec: 1352143

Thread: 2    Time: 60 Sec     Total Reads: 26470823Reads per 30 sec: 1362476

Thread: 8    Time: 60 Sec     Total Reads: 26470842Reads per 30 sec: 1358918

Thread: 9    Time: 60 Sec     Total Reads: 26470869Reads per 30 sec: 1357063

Thread: 7    Time: 60 Sec     Total Reads: 26470898Reads per 30 sec: 1358210

Thread: 3    Time: 60 Sec     Total Reads: 26470918Reads per 30 sec: 1359065

Thread: 4    Time: 60 Sec     Total Reads: 26470981Reads per 30 sec: 1362437

Thread: 6    Time: 60 Sec     Total Reads: 26471004Reads per 30 sec: 1349045

Thread: 5    Time: 90 Sec     Total Reads: 39151526Reads per 30 sec: 1314411

Thread: 2    Time: 90 Sec     Total Reads: 39271558Reads per 30 sec: 1319584

Thread: 0    Time: 90 Sec     Total Reads: 39271564Reads per 30 sec: 1250665

Thread: 1    Time: 90 Sec     Total Reads: 39271565Reads per 30 sec: 1314437

Thread: 9    Time: 90 Sec     Total Reads: 39271609Reads per 30 sec: 1319795

Thread: 8    Time: 90 Sec     Total Reads: 39271613Reads per 30 sec: 1324773

Thread: 7    Time: 90 Sec     Total Reads: 39271655Reads per 30 sec: 1311477

Thread: 3    Time: 90 Sec     Total Reads: 39271685Reads per 30 sec: 1319959

Thread: 4    Time: 90 Sec     Total Reads: 39271720Reads per 30 sec: 1316424

Thread: 6    Time: 90 Sec     Total Reads: 39271784Reads per 30 sec: 1302719

Thread: 5    Time: 120 Sec     Total Reads: 51599009Reads per 30 sec: 1282115

Thread: 2    Time: 120 Sec     Total Reads: 51680769Reads per 30 sec: 1275498

Thread: 4    Time: 120 Sec     Total Reads: 51680770Reads per 30 sec: 1273078

Thread: 3    Time: 120 Sec     Total Reads: 51680771Reads per 30 sec: 1273991

Thread: 6    Time: 120 Sec     Total Reads: 51680773Reads per 30 sec: 1272949

Thread: 7    Time: 120 Sec     Total Reads: 51680777Reads per 30 sec: 1274717

Thread: 8    Time: 120 Sec     Total Reads: 51680795Reads per 30 sec: 1275636

Thread: 0    Time: 120 Sec     Total Reads: 51680796Reads per 30 sec: 1217212

Thread: 1    Time: 120 Sec     Total Reads: 51680802Reads per 30 sec: 1273529

Thread: 9    Time: 120 Sec     Total Reads: 51680803Reads per 30 sec: 1277591

/var/spool/slurm/job19602826/slurm_script: line 11: 225222 Killed                  ./main

real	5m59.285s
user	20m21.428s
sys	2m22.002s
slurmstepd: error: Detected 1 oom-kill event(s) in StepId=19602826.batch. Some of your processes may have been killed by the cgroup out-of-memory handler.
