*****SPLITING*****
/scratch/dmendoza/logs/testFiles/8276.fastq.gz
Split elapsed time: 612 seconds.
Attempting parallel trim
TRIM Startin with thread: 0
TRIM Startin with thread: 9
TRIM Startin with thread: 15
TRIM Startin with thread: 11
TRIM Startin with thread: 7
TRIM Startin with thread: 12
TRIM Startin with thread: 3
TRIM Startin with thread: 2
TRIM Startin with thread: 1
TRIM Startin with thread: 10
TRIM Startin with thread: 6
TRIM Startin with thread: 8
TRIM Startin with thread: 4
TRIM Startin with thread: 14
TRIM Startin with thread: 13
TRIM Startin with thread: 5
Time: 1 Min     Total Reads: 22438918       Reads/Min: 1430309

Time: 1 Min     Total Reads: 22439793       Reads/Min: 1414913

Time: 1 Min     Total Reads: 22441294       Reads/Min: 1448382

Time: 1 Min     Total Reads: 22441994       Reads/Min: 1465710

Time: 1 Min     Total Reads: 22442866       Reads/Min: 1433457

Time: 1 Min     Total Reads: 22443901       Reads/Min: 1450670

Time: 1 Min     Total Reads: 22444745       Reads/Min: 1455269

Time: 1 Min     Total Reads: 22445537       Reads/Min: 1449913

Time: 1 Min     Total Reads: 22447085       Reads/Min: 1246365

Time: 1 Min     Total Reads: 22448348       Reads/Min: 1442970

Time: 1 Min     Total Reads: 22449368       Reads/Min: 1446542

Time: 1 Min     Total Reads: 22450532       Reads/Min: 1447403

Time: 1 Min     Total Reads: 22451631       Reads/Min: 1467880

Time: 1 Min     Total Reads: 22452749       Reads/Min: 1446424

Time: 1 Min     Total Reads: 22453643       Reads/Min: 1454952

Time: 1 Min     Total Reads: 22458658       Reads/Min: 1447354

Time: 2 Min     Total Reads: 44252865       Reads/Min: 1496912

Time: 2 Min     Total Reads: 44253758       Reads/Min: 1482723

Time: 2 Min     Total Reads: 44255328       Reads/Min: 1496707

Time: 2 Min     Total Reads: 44256067       Reads/Min: 1514361

Time: 2 Min     Total Reads: 44256934       Reads/Min: 1531206

Time: 2 Min     Total Reads: 44258053       Reads/Min: 1466952

Time: 2 Min     Total Reads: 44258914       Reads/Min: 1435653

Time: 2 Min     Total Reads: 44259716       Reads/Min: 1413216

Time: 2 Min     Total Reads: 44261297       Reads/Min: 1208285

Time: 2 Min     Total Reads: 44262650       Reads/Min: 1371590

Time: 2 Min     Total Reads: 44263742       Reads/Min: 1348345

Time: 2 Min     Total Reads: 44264906       Reads/Min: 1329140

Time: 2 Min     Total Reads: 44266006       Reads/Min: 1355988

Time: 2 Min     Total Reads: 44267156       Reads/Min: 1283374

Time: 2 Min     Total Reads: 44268145       Reads/Min: 1293702

Time: 2 Min     Total Reads: 44273304       Reads/Min: 1241630

Time: 3 Min     Total Reads: 66118155       Reads/Min: 1320493

Time: 3 Min     Total Reads: 66118908       Reads/Min: 1316159

Time: 3 Min     Total Reads: 66120488       Reads/Min: 1293721

Time: 3 Min     Total Reads: 66121227       Reads/Min: 1513961

Time: 3 Min     Total Reads: 66122113       Reads/Min: 1525018

Time: 3 Min     Total Reads: 66123189       Reads/Min: 1454541

Time: 3 Min     Total Reads: 66124097       Reads/Min: 1447706

Time: 3 Min     Total Reads: 66124938       Reads/Min: 1426476

Time: 3 Min     Total Reads: 66127903       Reads/Min: 1416533

Time: 3 Min     Total Reads: 66128961       Reads/Min: 1396207

Time: 3 Min     Total Reads: 66130142       Reads/Min: 1407121

Time: 3 Min     Total Reads: 66131219       Reads/Min: 1445278

Time: 3 Min     Total Reads: 66132320       Reads/Min: 1370049

Time: 3 Min     Total Reads: 66133305       Reads/Min: 1386649

Time: 3 Min     Total Reads: 66138257       Reads/Min: 1325086

Time: 3 Min     Total Reads: 66425070       Reads/Min: 1266652

Time: 4 Min     Total Reads: 87109790       Reads/Min: 1418718

Time: 4 Min     Total Reads: 87110032       Reads/Min: 1421559

Time: 4 Min     Total Reads: 87111410       Reads/Min: 1400339

Time: 4 Min     Total Reads: 87112085       Reads/Min: 1190362

Time: 4 Min     Total Reads: 87112942       Reads/Min: 1414727

Time: 4 Min     Total Reads: 87114011       Reads/Min: 1447144

Time: 4 Min     Total Reads: 87114842       Reads/Min: 1416639

Time: 4 Min     Total Reads: 87115645       Reads/Min: 1428856

Time: 4 Min     Total Reads: 87117181       Reads/Min: 1207845

Time: 4 Min     Total Reads: 87118432       Reads/Min: 1440152

Time: 4 Min     Total Reads: 87119496       Reads/Min: 1346682

Time: 4 Min     Total Reads: 87120645       Reads/Min: 1299374

Time: 4 Min     Total Reads: 87121735       Reads/Min: 1247454

Time: 4 Min     Total Reads: 87122828       Reads/Min: 1233527

Time: 4 Min     Total Reads: 87123782       Reads/Min: 1206989

Time: 4 Min     Total Reads: 87128776       Reads/Min: 1313441

Time: 5 Min     Total Reads: 107759324       Reads/Min: 1342151

Time: 5 Min     Total Reads: 107760117       Reads/Min: 1323677

Time: 5 Min     Total Reads: 107761625       Reads/Min: 1345917

Time: 5 Min     Total Reads: 107762351       Reads/Min: 1318985

Time: 5 Min     Total Reads: 107763169       Reads/Min: 1294339

Time: 5 Min     Total Reads: 107764192       Reads/Min: 1291993

Time: 5 Min     Total Reads: 107765010       Reads/Min: 1307669

Time: 5 Min     Total Reads: 107765778       Reads/Min: 1351813

Time: 5 Min     Total Reads: 107767300       Reads/Min: 1230218

Time: 5 Min     Total Reads: 107768624       Reads/Min: 1318758

Time: 5 Min     Total Reads: 107769580       Reads/Min: 1354504

Time: 5 Min     Total Reads: 107770736       Reads/Min: 1327640

Time: 5 Min     Total Reads: 107771799       Reads/Min: 1297736

Time: 5 Min     Total Reads: 107772881       Reads/Min: 1301217

Time: 5 Min     Total Reads: 107773786       Reads/Min: 1308376

Time: 5 Min     Total Reads: 107778745       Reads/Min: 1357642

Time: 6 Min     Total Reads: 126173741       Reads/Min: 1230895

Time: 6 Min     Total Reads: 126174522       Reads/Min: 1166116

Time: 6 Min     Total Reads: 126176054       Reads/Min: 1160703

Time: 6 Min     Total Reads: 126176749       Reads/Min: 1134744

Time: 6 Min     Total Reads: 126177616       Reads/Min: 1176983

Time: 6 Min     Total Reads: 126178565       Reads/Min: 1219811

Time: 6 Min     Total Reads: 126179411       Reads/Min: 1226458

Time: 6 Min     Total Reads: 126180213       Reads/Min: 1207380

Time: 6 Min     Total Reads: 126181636       Reads/Min: 1156498

Time: 6 Min     Total Reads: 126182858       Reads/Min: 1197715

Time: 6 Min     Total Reads: 126183837       Reads/Min: 1162530

Time: 6 Min     Total Reads: 126184952       Reads/Min: 1147750

Time: 6 Min     Total Reads: 126186023       Reads/Min: 1119325

Time: 6 Min     Total Reads: 126187104       Reads/Min: 1160087

Time: 6 Min     Total Reads: 126187996       Reads/Min: 1150173

Time: 6 Min     Total Reads: 126192888       Reads/Min: 1156236

Time: 7 Min     Total Reads: 143354928       Reads/Min: 1112901

Time: 7 Min     Total Reads: 143355663       Reads/Min: 1110897

Time: 7 Min     Total Reads: 143357167       Reads/Min: 1111473

Time: 7 Min     Total Reads: 143357732       Reads/Min: 1076291

Time: 7 Min     Total Reads: 143358550       Reads/Min: 1082267

Time: 7 Min     Total Reads: 143359580       Reads/Min: 1117161

Time: 7 Min     Total Reads: 143360401       Reads/Min: 1105605

Time: 7 Min     Total Reads: 143361190       Reads/Min: 1116426

Time: 7 Min     Total Reads: 143362702       Reads/Min: 921461

Time: 7 Min     Total Reads: 143363893       Reads/Min: 1115593

Time: 7 Min     Total Reads: 143364912       Reads/Min: 1113311

Time: 7 Min     Total Reads: 143366058       Reads/Min: 1130515

Time: 7 Min     Total Reads: 143367038       Reads/Min: 1100468

Time: 7 Min     Total Reads: 143368085       Reads/Min: 1119642

Time: 7 Min     Total Reads: 143369002       Reads/Min: 1091163

Time: 7 Min     Total Reads: 143373842       Reads/Min: 1118981

Thread 9
-----Ending File: /scratch/dmendoza/logs/files/fastqFiles/tTest/split16.fastq-----
Total Reads: 148752277
Total read elapsed time: 3 seconds.
Boyer elapsed time: 58 seconds.
Window elapsed time: 66 seconds.
Write elapsed time: 12 seconds.
Closed: /scratch/dmendoza/logs/files/fastqFiles/tTest/split16.fastq
Time: 8 Min     Total Reads: 160578988       Reads/Min: 1155451

Time: 8 Min     Total Reads: 160580305       Reads/Min: 1160329

Time: 8 Min     Total Reads: 160580952       Reads/Min: 1133178

Time: 8 Min     Total Reads: 160581718       Reads/Min: 1137051

Time: 8 Min     Total Reads: 160582696       Reads/Min: 1169628

Time: 8 Min     Total Reads: 160583488       Reads/Min: 1166304

Time: 8 Min     Total Reads: 160584223       Reads/Min: 1166705

Time: 8 Min     Total Reads: 160585655       Reads/Min: 1030564

Time: 8 Min     Total Reads: 160586848       Reads/Min: 1157490

Time: 8 Min     Total Reads: 160587619       Reads/Min: 1173221

Time: 8 Min     Total Reads: 160588642       Reads/Min: 1168788

Time: 8 Min     Total Reads: 160589660       Reads/Min: 1137736

Time: 8 Min     Total Reads: 160590485       Reads/Min: 1156355

Time: 8 Min     Total Reads: 160591396       Reads/Min: 1141292

Time: 8 Min     Total Reads: 160596084       Reads/Min: 1156446

Thread 1
-----Ending File: /scratch/dmendoza/logs/files/fastqFiles/tTest/split14.fastq-----
Total Reads: 175217711
Total read elapsed time: 4 seconds.
Boyer elapsed time: 69 seconds.
Window elapsed time: 82 seconds.
Write elapsed time: 14 seconds.
Closed: /scratch/dmendoza/logs/files/fastqFiles/tTest/split14.fastq
Thread 2
-----Ending File: /scratch/dmendoza/logs/files/fastqFiles/tTest/split04.fastq-----
Total Reads: 175726911
Total read elapsed time: 4 seconds.
Boyer elapsed time: 69 seconds.
Window elapsed time: 82 seconds.
Write elapsed time: 14 seconds.
Closed: /scratch/dmendoza/logs/files/fastqFiles/tTest/split04.fastq
Thread 3
-----Ending File: /scratch/dmendoza/logs/files/fastqFiles/tTest/split10.fastq-----
Total Reads: 175977010
Total read elapsed time: 4 seconds.
Boyer elapsed time: 69 seconds.
Window elapsed time: 79 seconds.
Write elapsed time: 16 seconds.
Closed: /scratch/dmendoza/logs/files/fastqFiles/tTest/split10.fastq
Thread 7
-----Ending File: /scratch/dmendoza/logs/files/fastqFiles/tTest/split12.fastq-----
Total Reads: 176892503
Total read elapsed time: 5 seconds.
Boyer elapsed time: 69 seconds.
Window elapsed time: 81 seconds.
Write elapsed time: 14 seconds.
Closed: /scratch/dmendoza/logs/files/fastqFiles/tTest/split12.fastq
Thread 15
-----Ending File: /scratch/dmendoza/logs/files/fastqFiles/tTest/split07.fastq-----
Total Reads: 176997264
Total read elapsed time: 4 seconds.
Boyer elapsed time: 69 seconds.
Window elapsed time: 82 seconds.
Write elapsed time: 15 seconds.
Closed: /scratch/dmendoza/logs/files/fastqFiles/tTest/split07.fastq
Thread 12
-----Ending File: /scratch/dmendoza/logs/files/fastqFiles/tTest/split02.fastq-----
Total Reads: 177299005
Total read elapsed time: 3 seconds.
Boyer elapsed time: 69 seconds.
Window elapsed time: 82 seconds.
Write elapsed time: 19 seconds.
Closed: /scratch/dmendoza/logs/files/fastqFiles/tTest/split02.fastq
Thread 10
-----Ending File: /scratch/dmendoza/logs/files/fastqFiles/tTest/split03.fastq-----
Total Reads: 177868768
Total read elapsed time: 4 seconds.
Boyer elapsed time: 70 seconds.
Window elapsed time: 82 seconds.
Write elapsed time: 17 seconds.
Closed: /scratch/dmendoza/logs/files/fastqFiles/tTest/split03.fastq
Thread 6
-----Ending File: /scratch/dmendoza/logs/files/fastqFiles/tTest/split13.fastq-----
Total Reads: 178150111
Total read elapsed time: 6 seconds.
Boyer elapsed time: 69 seconds.
Window elapsed time: 78 seconds.
Write elapsed time: 21 seconds.
Closed: /scratch/dmendoza/logs/files/fastqFiles/tTest/split13.fastq
Time: 9 Min     Total Reads: 178653406       Reads/Min: 1199058

Time: 9 Min     Total Reads: 178655636       Reads/Min: 1204493

Time: 9 Min     Total Reads: 178657169       Reads/Min: 1395285

Time: 9 Min     Total Reads: 178657652       Reads/Min: 1248205

Time: 9 Min     Total Reads: 178658120       Reads/Min: 1418995

Time: 9 Min     Total Reads: 178658546       Reads/Min: 1224681

Time: 9 Min     Total Reads: 178660768       Reads/Min: 1392125

Thread 8
-----Ending File: /scratch/dmendoza/logs/files/fastqFiles/tTest/split11.fastq-----
Total Reads: 178678705
Total read elapsed time: 5 seconds.
Boyer elapsed time: 70 seconds.
Window elapsed time: 79 seconds.
Write elapsed time: 22 seconds.
Closed: /scratch/dmendoza/logs/files/fastqFiles/tTest/split11.fastq
Thread 11
-----Ending File: /scratch/dmendoza/logs/files/fastqFiles/tTest/split09.fastq-----
Total Reads: 179316500
Total read elapsed time: 4 seconds.
Boyer elapsed time: 69 seconds.
Window elapsed time: 78 seconds.
Write elapsed time: 24 seconds.
Closed: /scratch/dmendoza/logs/files/fastqFiles/tTest/split09.fastq
Thread 5
-----Ending File: /scratch/dmendoza/logs/files/fastqFiles/tTest/split15.fastq-----
Total Reads: 179482394
Total read elapsed time: 4 seconds.
Boyer elapsed time: 70 seconds.
Window elapsed time: 80 seconds.
Write elapsed time: 24 seconds.
Closed: /scratch/dmendoza/logs/files/fastqFiles/tTest/split15.fastq
Thread 13
-----Ending File: /scratch/dmendoza/logs/files/fastqFiles/tTest/split01.fastq-----
Total Reads: 179555203
Total read elapsed time: 5 seconds.
Boyer elapsed time: 70 seconds.
Window elapsed time: 79 seconds.
Write elapsed time: 25 seconds.
Closed: /scratch/dmendoza/logs/files/fastqFiles/tTest/split01.fastq
Thread 4
-----Ending File: /scratch/dmendoza/logs/files/fastqFiles/tTest/split05.fastq-----
Total Reads: 179790002
Total read elapsed time: 4 seconds.
Boyer elapsed time: 69 seconds.
Window elapsed time: 78 seconds.
Write elapsed time: 26 seconds.
Closed: /scratch/dmendoza/logs/files/fastqFiles/tTest/split05.fastq
Thread 14
-----Ending File: /scratch/dmendoza/logs/files/fastqFiles/tTest/split08.fastq-----
Total Reads: 180115358
Total read elapsed time: 4 seconds.
Boyer elapsed time: 70 seconds.
Window elapsed time: 86 seconds.
Write elapsed time: 25 seconds.
Closed: /scratch/dmendoza/logs/files/fastqFiles/tTest/split08.fastq
Thread 0
-----Ending File: /scratch/dmendoza/logs/files/fastqFiles/tTest/split06.fastq-----
Total Reads: 180898522
Total read elapsed time: 4 seconds.
Boyer elapsed time: 82 seconds.
Window elapsed time: 85 seconds.
Write elapsed time: 16 seconds.
Closed: /scratch/dmendoza/logs/files/fastqFiles/tTest/split06.fastq
Trim elapsed time: 296 seconds.
Success! Combining Temp Files
slurmstepd: error: *** JOB 19590462 ON dback-c13-n01 CANCELLED AT 2023-07-06T10:32:23 ***
slurmstepd: error: run_script_as_user: couldn't change working dir to /scratch/dmendoza/Helios_Project/fastBoyWin/parallelP: No such file or directory
