Input file: /scratch/dmendoza/logs/testFiles/8276.fastq.gz
Temp path: /scratch/dmendoza/logs/files/fastqFiles/temp/
Output path: /scratch/dmendoza/logs/files/fastqFiles/
-----SPLITING-----
/scratch/dmendoza/logs/testFiles/8276.fastq.gz
Split elapsed time: 286 seconds.
Attempting parallel trim
Trimming starting with thread: 9
Trimming starting with thread: 7
Trimming starting with thread: 3
Trimming starting with thread: 0
Trimming starting with thread: 6
Trimming starting with thread: 5
Trimming starting with thread: 1
Trimming starting with thread: 4
Trimming starting with thread: 2
Trimming starting with thread: 8
Thread: 9    Time: 30 Sec     Total Reads: 12023214    Reads per 30 sec: 1230195

Thread: 6    Time: 30 Sec     Total Reads: 12023259    Reads per 30 sec: 1232079

Thread: 0    Time: 30 Sec     Total Reads: 12023503    Reads per 30 sec: 1193508

Thread: 7    Time: 30 Sec     Total Reads: 12024022    Reads per 30 sec: 1227443

Thread: 5    Time: 30 Sec     Total Reads: 12024588    Reads per 30 sec: 1218543

Thread: 3    Time: 30 Sec     Total Reads: 12025331    Reads per 30 sec: 1234302

Thread: 1    Time: 30 Sec     Total Reads: 12025902    Reads per 30 sec: 1233387

Thread: 2    Time: 30 Sec     Total Reads: 12026487    Reads per 30 sec: 1249631

Thread: 4    Time: 30 Sec     Total Reads: 12026935    Reads per 30 sec: 1209619

Thread: 8    Time: 30 Sec     Total Reads: 12032066    Reads per 30 sec: 1245729

Thread: 9    Time: 60 Sec     Total Reads: 23835096    Reads per 30 sec: 1217587

Thread: 6    Time: 60 Sec     Total Reads: 23835516    Reads per 30 sec: 1213162

Thread: 0    Time: 60 Sec     Total Reads: 23835982    Reads per 30 sec: 1187479

Thread: 7    Time: 60 Sec     Total Reads: 23836746    Reads per 30 sec: 1199823

Thread: 5    Time: 60 Sec     Total Reads: 23837020    Reads per 30 sec: 1220556

Thread: 3    Time: 60 Sec     Total Reads: 23837659    Reads per 30 sec: 1217633

Thread: 1    Time: 60 Sec     Total Reads: 23838202    Reads per 30 sec: 1183300

Thread: 2    Time: 60 Sec     Total Reads: 23838735    Reads per 30 sec: 1209632

Thread: 4    Time: 60 Sec     Total Reads: 23839172    Reads per 30 sec: 1217838

Thread: 8    Time: 60 Sec     Total Reads: 23844188    Reads per 30 sec: 1191105

Thread: 9    Time: 90 Sec     Total Reads: 35012974    Reads per 30 sec: 1146407

Thread: 6    Time: 90 Sec     Total Reads: 35013249    Reads per 30 sec: 1139903

Thread: 0    Time: 90 Sec     Total Reads: 35013559    Reads per 30 sec: 1119817

Thread: 7    Time: 90 Sec     Total Reads: 35013878    Reads per 30 sec: 1152389

Thread: 5    Time: 90 Sec     Total Reads: 35014237    Reads per 30 sec: 1164679

Thread: 3    Time: 90 Sec     Total Reads: 35014743    Reads per 30 sec: 1113593

Thread: 1    Time: 90 Sec     Total Reads: 35015095    Reads per 30 sec: 1166059

Thread: 2    Time: 90 Sec     Total Reads: 35015451    Reads per 30 sec: 1139980

Thread: 4    Time: 90 Sec     Total Reads: 35015700    Reads per 30 sec: 1122434

Thread: 8    Time: 90 Sec     Total Reads: 35019101    Reads per 30 sec: 1145996

Thread 6
-----Ending File: /scratch/dmendoza/logs/files/fastqFiles/temp/split36.fastq-----
Total Reads: 44367397
Total read elapsed time: 3 seconds.
Boyer elapsed time: 31 seconds.
Window elapsed time: 36 seconds.
Write elapsed time: 8 seconds.
Closed: /scratch/dmendoza/logs/files/fastqFiles/temp/split36.fastq
Deleted: /scratch/dmendoza/logs/files/fastqFiles/temp/split36.fastq
Compressing: /scratch/dmendoza/logs/files/fastqFiles/temp/post36.fastq
Thread: 9    Time: 120 Sec     Total Reads: 45852113    Reads per 30 sec: 1129942

Thread: 0    Time: 120 Sec     Total Reads: 45852701    Reads per 30 sec: 1086243

Thread: 7    Time: 120 Sec     Total Reads: 45853008    Reads per 30 sec: 1126288

Thread: 5    Time: 120 Sec     Total Reads: 45853384    Reads per 30 sec: 1113130

Thread: 3    Time: 120 Sec     Total Reads: 45853885    Reads per 30 sec: 1127078

Thread: 1    Time: 120 Sec     Total Reads: 45854237    Reads per 30 sec: 1123418

Thread: 2    Time: 120 Sec     Total Reads: 45854617    Reads per 30 sec: 1129922

Thread: 4    Time: 120 Sec     Total Reads: 45854912    Reads per 30 sec: 1139965

Thread: 8    Time: 120 Sec     Total Reads: 45858104    Reads per 30 sec: 1117761

Thread 2
-----Ending File: /scratch/dmendoza/logs/files/fastqFiles/temp/split23.fastq-----
Total Reads: 48219836
Total read elapsed time: 2 seconds.
Boyer elapsed time: 35 seconds.
Window elapsed time: 41 seconds.
Write elapsed time: 9 seconds.
Closed: /scratch/dmendoza/logs/files/fastqFiles/temp/split23.fastq
Deleted: /scratch/dmendoza/logs/files/fastqFiles/temp/split23.fastq
Compressing: /scratch/dmendoza/logs/files/fastqFiles/temp/post23.fastq
Thread 9
-----Ending File: /scratch/dmendoza/logs/files/fastqFiles/temp/split07.fastq-----
Total Reads: 48267220
Total read elapsed time: 2 seconds.
Boyer elapsed time: 35 seconds.
Window elapsed time: 40 seconds.
Write elapsed time: 10 seconds.
Closed: /scratch/dmendoza/logs/files/fastqFiles/temp/split07.fastq
Deleted: /scratch/dmendoza/logs/files/fastqFiles/temp/split07.fastq
Compressing: /scratch/dmendoza/logs/files/fastqFiles/temp/post07.fastq
Thread 5
-----Ending File: /scratch/dmendoza/logs/files/fastqFiles/temp/split29.fastq-----
Total Reads: 48313534
Total read elapsed time: 3 seconds.
Boyer elapsed time: 35 seconds.
Window elapsed time: 41 seconds.
Write elapsed time: 9 seconds.
Closed: /scratch/dmendoza/logs/files/fastqFiles/temp/split29.fastq
Deleted: /scratch/dmendoza/logs/files/fastqFiles/temp/split29.fastq
Compressing: /scratch/dmendoza/logs/files/fastqFiles/temp/post29.fastq
Thread 7
-----Ending File: /scratch/dmendoza/logs/files/fastqFiles/temp/split20.fastq-----
Total Reads: 48405676
Total read elapsed time: 2 seconds.
Boyer elapsed time: 35 seconds.
Window elapsed time: 40 seconds.
Write elapsed time: 11 seconds.
Closed: /scratch/dmendoza/logs/files/fastqFiles/temp/split20.fastq
Deleted: /scratch/dmendoza/logs/files/fastqFiles/temp/split20.fastq
Compressing: /scratch/dmendoza/logs/files/fastqFiles/temp/post20.fastq
Thread 1
-----Ending File: /scratch/dmendoza/logs/files/fastqFiles/temp/split34.fastq-----
Total Reads: 48411394
Total read elapsed time: 3 seconds.
Boyer elapsed time: 35 seconds.
Window elapsed time: 42 seconds.
Write elapsed time: 7 seconds.
Closed: /scratch/dmendoza/logs/files/fastqFiles/temp/split34.fastq
Deleted: /scratch/dmendoza/logs/files/fastqFiles/temp/split34.fastq
Compressing: /scratch/dmendoza/logs/files/fastqFiles/temp/post34.fastq
Thread 8
-----Ending File: /scratch/dmendoza/logs/files/fastqFiles/temp/split02.fastq-----
Total Reads: 48419468
Total read elapsed time: 3 seconds.
Boyer elapsed time: 35 seconds.
Window elapsed time: 41 seconds.
Write elapsed time: 8 seconds.
Closed: /scratch/dmendoza/logs/files/fastqFiles/temp/split02.fastq
Deleted: /scratch/dmendoza/logs/files/fastqFiles/temp/split02.fastq
Compressing: /scratch/dmendoza/logs/files/fastqFiles/temp/post02.fastq
Thread 3
-----Ending File: /scratch/dmendoza/logs/files/fastqFiles/temp/split13.fastq-----
Total Reads: 48443600
Total read elapsed time: 2 seconds.
Boyer elapsed time: 35 seconds.
Window elapsed time: 41 seconds.
Write elapsed time: 10 seconds.
Closed: /scratch/dmendoza/logs/files/fastqFiles/temp/split13.fastq
Deleted: /scratch/dmendoza/logs/files/fastqFiles/temp/split13.fastq
Compressing: /scratch/dmendoza/logs/files/fastqFiles/temp/post13.fastq
Thread 4
-----Ending File: /scratch/dmendoza/logs/files/fastqFiles/temp/split28.fastq-----
Total Reads: 48464435
Total read elapsed time: 2 seconds.
Boyer elapsed time: 35 seconds.
Window elapsed time: 41 seconds.
Write elapsed time: 10 seconds.
Closed: /scratch/dmendoza/logs/files/fastqFiles/temp/split28.fastq
Deleted: /scratch/dmendoza/logs/files/fastqFiles/temp/split28.fastq
Compressing: /scratch/dmendoza/logs/files/fastqFiles/temp/post28.fastq
Thread 0
-----Ending File: /scratch/dmendoza/logs/files/fastqFiles/temp/split06.fastq-----
Total Reads: 48566971
Total read elapsed time: 4 seconds.
Boyer elapsed time: 36 seconds.
Window elapsed time: 42 seconds.
Write elapsed time: 8 seconds.
Closed: /scratch/dmendoza/logs/files/fastqFiles/temp/split06.fastq
Deleted: /scratch/dmendoza/logs/files/fastqFiles/temp/split06.fastq
Compressing: /scratch/dmendoza/logs/files/fastqFiles/temp/post06.fastq
Trimming starting with thread: 6
Trimming starting with thread: 9
Trimming starting with thread: 8
Trimming starting with thread: 2
Thread: 6    Time: 30 Sec     Total Reads: 50117165    Reads per 30 sec: 1354169

Trimming starting with thread: 3
Trimming starting with thread: 5
Trimming starting with thread: 0
Trimming starting with thread: 4
Trimming starting with thread: 1
Trimming starting with thread: 7
Thread: 9    Time: 30 Sec     Total Reads: 60403210    Reads per 30 sec: 1292947

Thread: 8    Time: 30 Sec     Total Reads: 61089938    Reads per 30 sec: 1297422

Thread: 6    Time: 60 Sec     Total Reads: 61741195    Reads per 30 sec: 1288803

Thread: 2    Time: 30 Sec     Total Reads: 61961889    Reads per 30 sec: 1307965

Thread: 3    Time: 30 Sec     Total Reads: 62814421    Reads per 30 sec: 1312478

Thread: 5    Time: 30 Sec     Total Reads: 62895403    Reads per 30 sec: 1316092

Thread: 0    Time: 30 Sec     Total Reads: 63501719    Reads per 30 sec: 1250058

Thread: 4    Time: 30 Sec     Total Reads: 63539778    Reads per 30 sec: 1328869

Thread: 1    Time: 30 Sec     Total Reads: 63647136    Reads per 30 sec: 1304444

Thread: 7    Time: 30 Sec     Total Reads: 65463412    Reads per 30 sec: 1278883

Thread: 9    Time: 60 Sec     Total Reads: 72161556    Reads per 30 sec: 1210004

Thread: 8    Time: 60 Sec     Total Reads: 72525622    Reads per 30 sec: 1120232

Thread: 6    Time: 90 Sec     Total Reads: 73175345    Reads per 30 sec: 1153644

Thread: 2    Time: 60 Sec     Total Reads: 73402275    Reads per 30 sec: 1190000

Thread: 3    Time: 60 Sec     Total Reads: 74248597    Reads per 30 sec: 1171548

Thread: 5    Time: 60 Sec     Total Reads: 74328454    Reads per 30 sec: 1186617

Thread: 0    Time: 60 Sec     Total Reads: 74931040    Reads per 30 sec: 1101876

Thread: 4    Time: 60 Sec     Total Reads: 74968751    Reads per 30 sec: 1186652

Thread: 1    Time: 60 Sec     Total Reads: 75075777    Reads per 30 sec: 1168539

Thread: 7    Time: 60 Sec     Total Reads: 76582268    Reads per 30 sec: 1138434

Thread: 9    Time: 90 Sec     Total Reads: 83591887    Reads per 30 sec: 1161726

Thread: 8    Time: 90 Sec     Total Reads: 84268306    Reads per 30 sec: 1189970

Thread: 6    Time: 120 Sec     Total Reads: 84644964    Reads per 30 sec: 1158525

Thread: 2    Time: 90 Sec     Total Reads: 84871722    Reads per 30 sec: 1158851

Thread 6
-----Ending File: /scratch/dmendoza/logs/files/fastqFiles/temp/split03.fastq-----
Total Reads: 85142498
Total read elapsed time: 1 seconds.
Boyer elapsed time: 34 seconds.
Window elapsed time: 39 seconds.
Write elapsed time: 8 seconds.
Closed: /scratch/dmendoza/logs/files/fastqFiles/temp/split03.fastq
Deleted: /scratch/dmendoza/logs/files/fastqFiles/temp/split03.fastq
Compressing: /scratch/dmendoza/logs/files/fastqFiles/temp/post03.fastq
Thread: 3    Time: 90 Sec     Total Reads: 85522592    Reads per 30 sec: 1165034

Thread: 5    Time: 90 Sec     Total Reads: 85576950    Reads per 30 sec: 1177084

Thread: 0    Time: 90 Sec     Total Reads: 86069451    Reads per 30 sec: 1142549

Thread: 4    Time: 90 Sec     Total Reads: 86099250    Reads per 30 sec: 1164163

Thread: 1    Time: 90 Sec     Total Reads: 86163636    Reads per 30 sec: 1162001

Thread: 7    Time: 90 Sec     Total Reads: 87739661    Reads per 30 sec: 1196056

Thread: 9    Time: 120 Sec     Total Reads: 93906522    Reads per 30 sec: 1127015

Thread: 8    Time: 120 Sec     Total Reads: 94431128    Reads per 30 sec: 1154410

Thread: 2    Time: 120 Sec     Total Reads: 95048769    Reads per 30 sec: 1141007

Thread: 3    Time: 120 Sec     Total Reads: 95702354    Reads per 30 sec: 1147137

Thread: 5    Time: 120 Sec     Total Reads: 95760379    Reads per 30 sec: 1129135

Thread 9
-----Ending File: /scratch/dmendoza/logs/files/fastqFiles/temp/split18.fastq-----
Total Reads: 95761288
Total read elapsed time: 1 seconds.
Boyer elapsed time: 35 seconds.
Window elapsed time: 40 seconds.
Write elapsed time: 10 seconds.
Closed: /scratch/dmendoza/logs/files/fastqFiles/temp/split18.fastq
Deleted: /scratch/dmendoza/logs/files/fastqFiles/temp/split18.fastq
Compressing: /scratch/dmendoza/logs/files/fastqFiles/temp/post18.fastq
Thread: 0    Time: 120 Sec     Total Reads: 96116852    Reads per 30 sec: 1102520

Thread: 4    Time: 120 Sec     Total Reads: 96142731    Reads per 30 sec: 1127198

Thread: 1    Time: 120 Sec     Total Reads: 96212718    Reads per 30 sec: 1134902

Thread 8
-----Ending File: /scratch/dmendoza/logs/files/fastqFiles/temp/split01.fastq-----
Total Reads: 96510157
Total read elapsed time: 2 seconds.
Boyer elapsed time: 35 seconds.
Window elapsed time: 41 seconds.
Write elapsed time: 9 seconds.
Closed: /scratch/dmendoza/logs/files/fastqFiles/temp/split01.fastq
Deleted: /scratch/dmendoza/logs/files/fastqFiles/temp/split01.fastq
Compressing: /scratch/dmendoza/logs/files/fastqFiles/temp/post01.fastq
Thread 2
-----Ending File: /scratch/dmendoza/logs/files/fastqFiles/temp/split24.fastq-----
Total Reads: 96688918
Total read elapsed time: 2 seconds.
Boyer elapsed time: 35 seconds.
Window elapsed time: 40 seconds.
Write elapsed time: 9 seconds.
Closed: /scratch/dmendoza/logs/files/fastqFiles/temp/split24.fastq
Deleted: /scratch/dmendoza/logs/files/fastqFiles/temp/split24.fastq
Compressing: /scratch/dmendoza/logs/files/fastqFiles/temp/post24.fastq
Thread 5
-----Ending File: /scratch/dmendoza/logs/files/fastqFiles/temp/split17.fastq-----
Total Reads: 97081936
Total read elapsed time: 2 seconds.
Boyer elapsed time: 35 seconds.
Window elapsed time: 41 seconds.
Write elapsed time: 8 seconds.
Closed: /scratch/dmendoza/logs/files/fastqFiles/temp/split17.fastq
Deleted: /scratch/dmendoza/logs/files/fastqFiles/temp/split17.fastq
Compressing: /scratch/dmendoza/logs/files/fastqFiles/temp/post17.fastq
Thread 3
-----Ending File: /scratch/dmendoza/logs/files/fastqFiles/temp/split12.fastq-----
Total Reads: 97131496
Total read elapsed time: 2 seconds.
Boyer elapsed time: 35 seconds.
Window elapsed time: 41 seconds.
Write elapsed time: 8 seconds.
Closed: /scratch/dmendoza/logs/files/fastqFiles/temp/split12.fastq
Deleted: /scratch/dmendoza/logs/files/fastqFiles/temp/split12.fastq
Compressing: /scratch/dmendoza/logs/files/fastqFiles/temp/post12.fastq
Thread: 7    Time: 120 Sec     Total Reads: 97173145    Reads per 30 sec: 1085850

Thread 4
-----Ending File: /scratch/dmendoza/logs/files/fastqFiles/temp/split32.fastq-----
Total Reads: 97311442
Total read elapsed time: 3 seconds.
Boyer elapsed time: 35 seconds.
Window elapsed time: 41 seconds.
Write elapsed time: 7 seconds.
Closed: /scratch/dmendoza/logs/files/fastqFiles/temp/split32.fastq
Deleted: /scratch/dmendoza/logs/files/fastqFiles/temp/split32.fastq
Compressing: /scratch/dmendoza/logs/files/fastqFiles/temp/post32.fastq
Thread 1
-----Ending File: /scratch/dmendoza/logs/files/fastqFiles/temp/split10.fastq-----
Total Reads: 97438338
Total read elapsed time: 3 seconds.
Boyer elapsed time: 35 seconds.
Window elapsed time: 41 seconds.
Write elapsed time: 7 seconds.
Closed: /scratch/dmendoza/logs/files/fastqFiles/temp/split10.fastq
Deleted: /scratch/dmendoza/logs/files/fastqFiles/temp/split10.fastq
Compressing: /scratch/dmendoza/logs/files/fastqFiles/temp/post10.fastq
Thread 0
-----Ending File: /scratch/dmendoza/logs/files/fastqFiles/temp/split30.fastq-----
Total Reads: 97777565
Total read elapsed time: 2 seconds.
Boyer elapsed time: 37 seconds.
Window elapsed time: 41 seconds.
Write elapsed time: 8 seconds.
Closed: /scratch/dmendoza/logs/files/fastqFiles/temp/split30.fastq
Deleted: /scratch/dmendoza/logs/files/fastqFiles/temp/split30.fastq
Compressing: /scratch/dmendoza/logs/files/fastqFiles/temp/post30.fastq
Thread 7
-----Ending File: /scratch/dmendoza/logs/files/fastqFiles/temp/split09.fastq-----
Total Reads: 97828709
Total read elapsed time: 3 seconds.
Boyer elapsed time: 35 seconds.
Window elapsed time: 41 seconds.
Write elapsed time: 7 seconds.
Closed: /scratch/dmendoza/logs/files/fastqFiles/temp/split09.fastq
Deleted: /scratch/dmendoza/logs/files/fastqFiles/temp/split09.fastq
Compressing: /scratch/dmendoza/logs/files/fastqFiles/temp/post09.fastq
Trimming starting with thread: 6
Trimming starting with thread: 9
Thread: 6    Time: 30 Sec     Total Reads: 99149391    Reads per 30 sec: 1320682

Trimming starting with thread: 1
Trimming starting with thread: 2
Trimming starting with thread: 8
Trimming starting with thread: 5
Trimming starting with thread: 4
Trimming starting with thread: 3
Trimming starting with thread: 7
Trimming starting with thread: 0
Thread: 6    Time: 60 Sec     Total Reads: 107989842    Reads per 30 sec: 1313032

Thread: 9    Time: 30 Sec     Total Reads: 108397289    Reads per 30 sec: 1321440

Thread: 1    Time: 30 Sec     Total Reads: 110707702    Reads per 30 sec: 1299522

Thread: 2    Time: 30 Sec     Total Reads: 111066753    Reads per 30 sec: 1287604

Thread: 8    Time: 30 Sec     Total Reads: 111419475    Reads per 30 sec: 1287296

Thread: 5    Time: 30 Sec     Total Reads: 111618721    Reads per 30 sec: 1253095

Thread: 4    Time: 30 Sec     Total Reads: 112456579    Reads per 30 sec: 1237732

Thread: 3    Time: 30 Sec     Total Reads: 113397827    Reads per 30 sec: 1217456

Thread: 7    Time: 30 Sec     Total Reads: 113985171    Reads per 30 sec: 1254119

Thread: 0    Time: 30 Sec     Total Reads: 116114039    Reads per 30 sec: 1194762

Thread: 6    Time: 90 Sec     Total Reads: 119299685    Reads per 30 sec: 1154930

Thread: 9    Time: 60 Sec     Total Reads: 119668260    Reads per 30 sec: 1143851

Thread: 1    Time: 60 Sec     Total Reads: 122309689    Reads per 30 sec: 1198278

Thread: 2    Time: 60 Sec     Total Reads: 122657486    Reads per 30 sec: 1203645

Thread: 8    Time: 60 Sec     Total Reads: 123012479    Reads per 30 sec: 1161296

Thread: 5    Time: 60 Sec     Total Reads: 123213052    Reads per 30 sec: 1180356

Thread: 4    Time: 60 Sec     Total Reads: 124552455    Reads per 30 sec: 1237193

Thread: 3    Time: 60 Sec     Total Reads: 125485477    Reads per 30 sec: 1245384

Thread: 7    Time: 60 Sec     Total Reads: 126006696    Reads per 30 sec: 1248301

Thread: 0    Time: 60 Sec     Total Reads: 127509795    Reads per 30 sec: 1131342

Thread 6
-----Ending File: /scratch/dmendoza/logs/files/fastqFiles/temp/split21.fastq-----
Total Reads: 131156720
Total read elapsed time: 1 seconds.
Boyer elapsed time: 35 seconds.
Window elapsed time: 38 seconds.
Write elapsed time: 7 seconds.
Closed: /scratch/dmendoza/logs/files/fastqFiles/temp/split21.fastq
Deleted: /scratch/dmendoza/logs/files/fastqFiles/temp/split21.fastq
Compressing: /scratch/dmendoza/logs/files/fastqFiles/temp/post21.fastq
Thread: 9    Time: 90 Sec     Total Reads: 131650343    Reads per 30 sec: 1219693

Thread: 1    Time: 90 Sec     Total Reads: 133653233    Reads per 30 sec: 1182787

Thread: 2    Time: 90 Sec     Total Reads: 133968721    Reads per 30 sec: 1203482

Thread: 8    Time: 90 Sec     Total Reads: 134236347    Reads per 30 sec: 1195507

Thread: 5    Time: 90 Sec     Total Reads: 134376504    Reads per 30 sec: 1158471

Thread: 4    Time: 90 Sec     Total Reads: 135278971    Reads per 30 sec: 1143903

Thread: 3    Time: 90 Sec     Total Reads: 136059596    Reads per 30 sec: 1155915

Thread: 7    Time: 90 Sec     Total Reads: 136399868    Reads per 30 sec: 1136226

Thread: 0    Time: 90 Sec     Total Reads: 138008827    Reads per 30 sec: 1163689

Thread: 9    Time: 120 Sec     Total Reads: 141539955    Reads per 30 sec: 1116912

Thread 9
-----Ending File: /scratch/dmendoza/logs/files/fastqFiles/temp/split27.fastq-----
Total Reads: 143279561
Total read elapsed time: 1 seconds.
Boyer elapsed time: 35 seconds.
Window elapsed time: 40 seconds.
Write elapsed time: 8 seconds.
Closed: /scratch/dmendoza/logs/files/fastqFiles/temp/split27.fastq
Deleted: /scratch/dmendoza/logs/files/fastqFiles/temp/split27.fastq
Compressing: /scratch/dmendoza/logs/files/fastqFiles/temp/post27.fastq
Thread: 1    Time: 120 Sec     Total Reads: 143707522    Reads per 30 sec: 1131251

Thread: 2    Time: 120 Sec     Total Reads: 143959833    Reads per 30 sec: 1134594

Thread: 8    Time: 120 Sec     Total Reads: 144199894    Reads per 30 sec: 1142686

Thread: 5    Time: 120 Sec     Total Reads: 144333193    Reads per 30 sec: 1137443

Thread: 4    Time: 120 Sec     Total Reads: 145172355    Reads per 30 sec: 1146151

Thread 1
-----Ending File: /scratch/dmendoza/logs/files/fastqFiles/temp/split33.fastq-----
Total Reads: 145202694
Total read elapsed time: 1 seconds.
Boyer elapsed time: 35 seconds.
Window elapsed time: 39 seconds.
Write elapsed time: 9 seconds.
Closed: /scratch/dmendoza/logs/files/fastqFiles/temp/split33.fastq
Deleted: /scratch/dmendoza/logs/files/fastqFiles/temp/split33.fastq
Compressing: /scratch/dmendoza/logs/files/fastqFiles/temp/post33.fastq
Thread 2
-----Ending File: /scratch/dmendoza/logs/files/fastqFiles/temp/split26.fastq-----
Total Reads: 145285752
Total read elapsed time: 1 seconds.
Boyer elapsed time: 35 seconds.
Window elapsed time: 39 seconds.
Write elapsed time: 9 seconds.
Closed: /scratch/dmendoza/logs/files/fastqFiles/temp/split26.fastq
Deleted: /scratch/dmendoza/logs/files/fastqFiles/temp/split26.fastq
Compressing: /scratch/dmendoza/logs/files/fastqFiles/temp/post26.fastq
Thread: 3    Time: 120 Sec     Total Reads: 145605076    Reads per 30 sec: 1106339

Thread 8
-----Ending File: /scratch/dmendoza/logs/files/fastqFiles/temp/split08.fastq-----
Total Reads: 145722315
Total read elapsed time: 2 seconds.
Boyer elapsed time: 35 seconds.
Window elapsed time: 40 seconds.
Write elapsed time: 8 seconds.
Closed: /scratch/dmendoza/logs/files/fastqFiles/temp/split08.fastq
Deleted: /scratch/dmendoza/logs/files/fastqFiles/temp/split08.fastq
Compressing: /scratch/dmendoza/logs/files/fastqFiles/temp/post08.fastq
Thread: 7    Time: 120 Sec     Total Reads: 145851238    Reads per 30 sec: 1113887

Thread 5
-----Ending File: /scratch/dmendoza/logs/files/fastqFiles/temp/split31.fastq-----
Total Reads: 146085447
Total read elapsed time: 1 seconds.
Boyer elapsed time: 35 seconds.
Window elapsed time: 40 seconds.
Write elapsed time: 9 seconds.
Closed: /scratch/dmendoza/logs/files/fastqFiles/temp/split31.fastq
Deleted: /scratch/dmendoza/logs/files/fastqFiles/temp/split31.fastq
Compressing: /scratch/dmendoza/logs/files/fastqFiles/temp/post31.fastq
Thread 4
-----Ending File: /scratch/dmendoza/logs/files/fastqFiles/temp/split11.fastq-----
Total Reads: 146364387
Total read elapsed time: 2 seconds.
Boyer elapsed time: 35 seconds.
Window elapsed time: 40 seconds.
Write elapsed time: 8 seconds.
Closed: /scratch/dmendoza/logs/files/fastqFiles/temp/split11.fastq
Deleted: /scratch/dmendoza/logs/files/fastqFiles/temp/split11.fastq
Compressing: /scratch/dmendoza/logs/files/fastqFiles/temp/post11.fastq
Thread: 0    Time: 120 Sec     Total Reads: 146558247    Reads per 30 sec: 1096099

Thread 3
-----Ending File: /scratch/dmendoza/logs/files/fastqFiles/temp/split00.fastq-----
Total Reads: 146694690
Total read elapsed time: 1 seconds.
Boyer elapsed time: 35 seconds.
Window elapsed time: 40 seconds.
Write elapsed time: 10 seconds.
Closed: /scratch/dmendoza/logs/files/fastqFiles/temp/split00.fastq
Deleted: /scratch/dmendoza/logs/files/fastqFiles/temp/split00.fastq
Compressing: /scratch/dmendoza/logs/files/fastqFiles/temp/post00.fastq
Thread 7
-----Ending File: /scratch/dmendoza/logs/files/fastqFiles/temp/split25.fastq-----
Total Reads: 146736763
Total read elapsed time: 1 seconds.
Boyer elapsed time: 35 seconds.
Window elapsed time: 40 seconds.
Write elapsed time: 9 seconds.
Closed: /scratch/dmendoza/logs/files/fastqFiles/temp/split25.fastq
Deleted: /scratch/dmendoza/logs/files/fastqFiles/temp/split25.fastq
Compressing: /scratch/dmendoza/logs/files/fastqFiles/temp/post25.fastq
Thread 0
-----Ending File: /scratch/dmendoza/logs/files/fastqFiles/temp/split14.fastq-----
Total Reads: 147084485
Total read elapsed time: 2 seconds.
Boyer elapsed time: 37 seconds.
Window elapsed time: 41 seconds.
Write elapsed time: 8 seconds.
Closed: /scratch/dmendoza/logs/files/fastqFiles/temp/split14.fastq
Deleted: /scratch/dmendoza/logs/files/fastqFiles/temp/split14.fastq
Compressing: /scratch/dmendoza/logs/files/fastqFiles/temp/post14.fastq
Trimming starting with thread: 6
Thread: 6    Time: 30 Sec     Total Reads: 148416888    Reads per 30 sec: 1332403

Trimming starting with thread: 2
Trimming starting with thread: 1
Trimming starting with thread: 5
Trimming starting with thread: 4
Trimming starting with thread: 3
Thread: 6    Time: 60 Sec     Total Reads: 152774046    Reads per 30 sec: 1356023

Trimming starting with thread: 0
Thread: 2    Time: 30 Sec     Total Reads: 155910286    Reads per 30 sec: 1284313

Thread: 1    Time: 30 Sec     Total Reads: 156456051    Reads per 30 sec: 1290586

Thread: 5    Time: 30 Sec     Total Reads: 157703854    Reads per 30 sec: 1285189

Thread: 4    Time: 30 Sec     Total Reads: 157893542    Reads per 30 sec: 1298502

Thread: 3    Time: 30 Sec     Total Reads: 158361987    Reads per 30 sec: 1287390

Thread: 6    Time: 90 Sec     Total Reads: 161434218    Reads per 30 sec: 1259233

Thread: 0    Time: 30 Sec     Total Reads: 162853286    Reads per 30 sec: 1247751

Thread: 2    Time: 60 Sec     Total Reads: 165080204    Reads per 30 sec: 1328651

Thread: 1    Time: 60 Sec     Total Reads: 165622734    Reads per 30 sec: 1345372

Thread: 5    Time: 60 Sec     Total Reads: 166812278    Reads per 30 sec: 1316968

Thread: 4    Time: 60 Sec     Total Reads: 166937760    Reads per 30 sec: 1311902

Thread: 3    Time: 60 Sec     Total Reads: 167247197    Reads per 30 sec: 1295306

Thread 6
-----Ending File: /scratch/dmendoza/logs/files/fastqFiles/temp/split22.fastq-----
Total Reads: 168710204
Total read elapsed time: 1 seconds.
Boyer elapsed time: 34 seconds.
Window elapsed time: 37 seconds.
Write elapsed time: 5 seconds.
Closed: /scratch/dmendoza/logs/files/fastqFiles/temp/split22.fastq
Deleted: /scratch/dmendoza/logs/files/fastqFiles/temp/split22.fastq
Compressing: /scratch/dmendoza/logs/files/fastqFiles/temp/post22.fastq
Thread: 0    Time: 60 Sec     Total Reads: 170702506    Reads per 30 sec: 1160269

Thread: 2    Time: 90 Sec     Total Reads: 172436183    Reads per 30 sec: 1140830

Thread: 1    Time: 90 Sec     Total Reads: 172865689    Reads per 30 sec: 1118266

Thread: 5    Time: 90 Sec     Total Reads: 173830184    Reads per 30 sec: 1134864

Thread: 4    Time: 90 Sec     Total Reads: 173971332    Reads per 30 sec: 1123251

Thread: 3    Time: 90 Sec     Total Reads: 174314043    Reads per 30 sec: 1143750

Thread: 0    Time: 90 Sec     Total Reads: 177788059    Reads per 30 sec: 1205349

Thread: 2    Time: 120 Sec     Total Reads: 179609694    Reads per 30 sec: 1217783

Thread 2
-----Ending File: /scratch/dmendoza/logs/files/fastqFiles/temp/split15.fastq-----
Total Reads: 179789722
Total read elapsed time: 1 seconds.
Boyer elapsed time: 35 seconds.
Window elapsed time: 38 seconds.
Write elapsed time: 8 seconds.
Closed: /scratch/dmendoza/logs/files/fastqFiles/temp/split15.fastq
Deleted: /scratch/dmendoza/logs/files/fastqFiles/temp/split15.fastq
Compressing: /scratch/dmendoza/logs/files/fastqFiles/temp/post15.fastq
Thread: 1    Time: 120 Sec     Total Reads: 179886362    Reads per 30 sec: 1200727

Thread 1
-----Ending File: /scratch/dmendoza/logs/files/fastqFiles/temp/split05.fastq-----
Total Reads: 180111636
Total read elapsed time: 1 seconds.
Boyer elapsed time: 35 seconds.
Window elapsed time: 38 seconds.
Write elapsed time: 7 seconds.
Closed: /scratch/dmendoza/logs/files/fastqFiles/temp/split05.fastq
Deleted: /scratch/dmendoza/logs/files/fastqFiles/temp/split05.fastq
Compressing: /scratch/dmendoza/logs/files/fastqFiles/temp/post05.fastq
Thread: 5    Time: 120 Sec     Total Reads: 180537087    Reads per 30 sec: 1206650

Thread: 4    Time: 120 Sec     Total Reads: 180637996    Reads per 30 sec: 1187864

Thread 5
-----Ending File: /scratch/dmendoza/logs/files/fastqFiles/temp/split19.fastq-----
Total Reads: 180765964
Total read elapsed time: 1 seconds.
Boyer elapsed time: 35 seconds.
Window elapsed time: 38 seconds.
Write elapsed time: 8 seconds.
Closed: /scratch/dmendoza/logs/files/fastqFiles/temp/split19.fastq
Deleted: /scratch/dmendoza/logs/files/fastqFiles/temp/split19.fastq
Compressing: /scratch/dmendoza/logs/files/fastqFiles/temp/post19.fastq
Thread: 3    Time: 120 Sec     Total Reads: 180822814    Reads per 30 sec: 1163680

Thread 4
-----Ending File: /scratch/dmendoza/logs/files/fastqFiles/temp/split16.fastq-----
Total Reads: 180894010
Total read elapsed time: 1 seconds.
Boyer elapsed time: 35 seconds.
Window elapsed time: 38 seconds.
Write elapsed time: 8 seconds.
Closed: /scratch/dmendoza/logs/files/fastqFiles/temp/split16.fastq
Deleted: /scratch/dmendoza/logs/files/fastqFiles/temp/split16.fastq
Compressing: /scratch/dmendoza/logs/files/fastqFiles/temp/post16.fastq
Thread 3
-----Ending File: /scratch/dmendoza/logs/files/fastqFiles/temp/split35.fastq-----
Total Reads: 181066917
Total read elapsed time: 1 seconds.
Boyer elapsed time: 35 seconds.
Window elapsed time: 38 seconds.
Write elapsed time: 8 seconds.
Closed: /scratch/dmendoza/logs/files/fastqFiles/temp/split35.fastq
Deleted: /scratch/dmendoza/logs/files/fastqFiles/temp/split35.fastq
Compressing: /scratch/dmendoza/logs/files/fastqFiles/temp/post35.fastq
Thread: 0    Time: 120 Sec     Total Reads: 181567340    Reads per 30 sec: 1175654

Thread 0
-----Ending File: /scratch/dmendoza/logs/files/fastqFiles/temp/split04.fastq-----
Total Reads: 181778317
Total read elapsed time: 1 seconds.
Boyer elapsed time: 36 seconds.
Window elapsed time: 38 seconds.
Write elapsed time: 7 seconds.
Closed: /scratch/dmendoza/logs/files/fastqFiles/temp/split04.fastq
Deleted: /scratch/dmendoza/logs/files/fastqFiles/temp/split04.fastq
Compressing: /scratch/dmendoza/logs/files/fastqFiles/temp/post04.fastq
Trim elapsed time: 1408 seconds.
Success! Combining Temp Files
/scratch/dmendoza/logs/files/fastqFiles/combined.fastq.gz
Combining elapsed time: 37 seconds.
-------DONE-------
------Summery-----
Adapters removed: 3711448
Read trimmed: 21874287
Total reads: 181778317

real	28m55.896s
user	205m5.352s
sys	6m21.428s
