5
Input file: /scratch/dmendoza/logs/testFiles/8276-200M.fastq.gz
Temp path: /scratch/dmendoza/logs/files/fastqFiles/temp/
Output path: /scratch/dmendoza/logs/files/fastqFiles/
-----SPLITING-----
/scratch/dmendoza/logs/testFiles/8276-200M.fastq.gz
Split elapsed time: 82 seconds.
Attempting parallel trim
Trimming starting with thread: 4
Trimming starting with thread: 2
Trimming starting with thread: 9
Trimming starting with thread: 7
Trimming starting with thread: 0
Trimming starting with thread: 6
Trimming starting with thread: 8
Trimming starting with thread: 3
Trimming starting with thread: 5
Trimming starting with thread: 1
Thread: 3    Time: 30 Sec     Total Reads: 13352312    Reads per 30 sec: 1372783

Thread: 9    Time: 30 Sec     Total Reads: 13352748    Reads per 30 sec: 1372362

Thread: 8    Time: 30 Sec     Total Reads: 13353245    Reads per 30 sec: 1379034

Thread: 7    Time: 30 Sec     Total Reads: 13353759    Reads per 30 sec: 1372367

Thread: 4    Time: 30 Sec     Total Reads: 13354313    Reads per 30 sec: 1370771

Thread: 6    Time: 30 Sec     Total Reads: 13354846    Reads per 30 sec: 1372781

Thread: 1    Time: 30 Sec     Total Reads: 13355545    Reads per 30 sec: 1373362

Thread: 5    Time: 30 Sec     Total Reads: 13356140    Reads per 30 sec: 1382302

Thread: 0    Time: 30 Sec     Total Reads: 13357309    Reads per 30 sec: 1296671

Thread: 2    Time: 30 Sec     Total Reads: 13357848    Reads per 30 sec: 1372809

Thread: 3    Time: 60 Sec     Total Reads: 26301046    Reads per 30 sec: 1330685

Thread: 9    Time: 60 Sec     Total Reads: 26301513    Reads per 30 sec: 1330080

Thread: 8    Time: 60 Sec     Total Reads: 26302026    Reads per 30 sec: 1332603

Thread: 7    Time: 60 Sec     Total Reads: 26302538    Reads per 30 sec: 1324356

Thread: 4    Time: 60 Sec     Total Reads: 26303144    Reads per 30 sec: 1327278

Thread: 6    Time: 60 Sec     Total Reads: 26303690    Reads per 30 sec: 1319807

Thread: 1    Time: 60 Sec     Total Reads: 26304339    Reads per 30 sec: 1339102

Thread: 5    Time: 60 Sec     Total Reads: 26304975    Reads per 30 sec: 1346631

Thread: 0    Time: 60 Sec     Total Reads: 26306154    Reads per 30 sec: 1258594

Thread: 2    Time: 60 Sec     Total Reads: 26306726    Reads per 30 sec: 1338297

Thread: 3    Time: 90 Sec     Total Reads: 38658326    Reads per 30 sec: 1287670

Thread: 7    Time: 90 Sec     Total Reads: 38658345    Reads per 30 sec: 1257632

Thread: 9    Time: 90 Sec     Total Reads: 38658346    Reads per 30 sec: 1256019

Thread: 8    Time: 90 Sec     Total Reads: 38658352    Reads per 30 sec: 1284409

Thread: 4    Time: 90 Sec     Total Reads: 38658845    Reads per 30 sec: 1281715

Thread: 6    Time: 90 Sec     Total Reads: 38659391    Reads per 30 sec: 1259866

Thread: 1    Time: 90 Sec     Total Reads: 38659984    Reads per 30 sec: 1283826

Thread: 5    Time: 90 Sec     Total Reads: 38660610    Reads per 30 sec: 1257389

Thread: 0    Time: 90 Sec     Total Reads: 38661784    Reads per 30 sec: 1185926

Thread: 2    Time: 90 Sec     Total Reads: 38662562    Reads per 30 sec: 1282557

Thread 8
-----Ending File: /scratch/dmendoza/logs/files/fastqFiles/temp/split08.fastq-----
Total Reads: 48406766
Total read elapsed time: 5 seconds.
Boyer elapsed time: 29 seconds.
Window elapsed time: 35 seconds.
Write elapsed time: 7 seconds.
Closed: /scratch/dmendoza/logs/files/fastqFiles/temp/split08.fastq
Deleted: /scratch/dmendoza/logs/files/fastqFiles/temp/split08.fastq
Thread 2
-----Ending File: /scratch/dmendoza/logs/files/fastqFiles/temp/split05.fastq-----
Total Reads: 48418425
Total read elapsed time: 4 seconds.
Boyer elapsed time: 29 seconds.
Window elapsed time: 35 seconds.
Write elapsed time: 8 seconds.
Closed: /scratch/dmendoza/logs/files/fastqFiles/temp/split05.fastq
Deleted: /scratch/dmendoza/logs/files/fastqFiles/temp/split05.fastq
Thread 1
-----Ending File: /scratch/dmendoza/logs/files/fastqFiles/temp/split04.fastq-----
Total Reads: 48451500
Total read elapsed time: 4 seconds.
Boyer elapsed time: 29 seconds.
Window elapsed time: 35 seconds.
Write elapsed time: 8 seconds.
Closed: /scratch/dmendoza/logs/files/fastqFiles/temp/split04.fastq
Deleted: /scratch/dmendoza/logs/files/fastqFiles/temp/split04.fastq
Thread 3
-----Ending File: /scratch/dmendoza/logs/files/fastqFiles/temp/split00.fastq-----
Total Reads: 48482898
Total read elapsed time: 5 seconds.
Boyer elapsed time: 29 seconds.
Window elapsed time: 36 seconds.
Write elapsed time: 6 seconds.
Closed: /scratch/dmendoza/logs/files/fastqFiles/temp/split00.fastq
Deleted: /scratch/dmendoza/logs/files/fastqFiles/temp/split00.fastq
Thread 5
-----Ending File: /scratch/dmendoza/logs/files/fastqFiles/temp/split09.fastq-----
Total Reads: 48503540
Total read elapsed time: 5 seconds.
Boyer elapsed time: 29 seconds.
Window elapsed time: 35 seconds.
Write elapsed time: 7 seconds.
Closed: /scratch/dmendoza/logs/files/fastqFiles/temp/split09.fastq
Deleted: /scratch/dmendoza/logs/files/fastqFiles/temp/split09.fastq
Thread 4
-----Ending File: /scratch/dmendoza/logs/files/fastqFiles/temp/split03.fastq-----
Total Reads: 48544565
Total read elapsed time: 5 seconds.
Boyer elapsed time: 29 seconds.
Window elapsed time: 36 seconds.
Write elapsed time: 6 seconds.
Closed: /scratch/dmendoza/logs/files/fastqFiles/temp/split03.fastq
Deleted: /scratch/dmendoza/logs/files/fastqFiles/temp/split03.fastq
Thread 7
-----Ending File: /scratch/dmendoza/logs/files/fastqFiles/temp/split01.fastq-----
Total Reads: 48588211
Total read elapsed time: 5 seconds.
Boyer elapsed time: 29 seconds.
Window elapsed time: 35 seconds.
Write elapsed time: 8 seconds.
Closed: /scratch/dmendoza/logs/files/fastqFiles/temp/split01.fastq
Deleted: /scratch/dmendoza/logs/files/fastqFiles/temp/split01.fastq
Thread 9
-----Ending File: /scratch/dmendoza/logs/files/fastqFiles/temp/split07.fastq-----
Total Reads: 48604171
Total read elapsed time: 5 seconds.
Boyer elapsed time: 29 seconds.
Window elapsed time: 35 seconds.
Write elapsed time: 8 seconds.
Closed: /scratch/dmendoza/logs/files/fastqFiles/temp/split07.fastq
Deleted: /scratch/dmendoza/logs/files/fastqFiles/temp/split07.fastq
Thread 6
-----Ending File: /scratch/dmendoza/logs/files/fastqFiles/temp/split02.fastq-----
Total Reads: 48610146
Total read elapsed time: 5 seconds.
Boyer elapsed time: 29 seconds.
Window elapsed time: 35 seconds.
Write elapsed time: 8 seconds.
Closed: /scratch/dmendoza/logs/files/fastqFiles/temp/split02.fastq
Deleted: /scratch/dmendoza/logs/files/fastqFiles/temp/split02.fastq
Thread 0
-----Ending File: /scratch/dmendoza/logs/files/fastqFiles/temp/split06.fastq-----
Total Reads: 48881485
Total read elapsed time: 4 seconds.
Boyer elapsed time: 31 seconds.
Window elapsed time: 37 seconds.
Write elapsed time: 8 seconds.
Closed: /scratch/dmendoza/logs/files/fastqFiles/temp/split06.fastq
Deleted: /scratch/dmendoza/logs/files/fastqFiles/temp/split06.fastq
Trim elapsed time: 121 seconds.
Success! Combining Temp Files
/scratch/dmendoza/logs/files/fastqFiles/combined.fastq.gz
Combining elapsed time: 209 seconds.
-------DONE-------
------Summery-----
Adapters removed: 1076206
Read trimmed: 5511746
Total reads: 48881485

real	6m56.811s
user	51m25.229s
sys	1m39.258s
