*****SPLITING*****
/scratch/dmendoza/logs/testFiles/quality.fastq.gz
Split elapsed time: 34 seconds.
Attempting parallel trim
TRIM Startin with thread: 4
TRIM Startin with thread: 7
TRIM Startin with thread: 5
TRIM Startin with thread: 2
TRIM Startin with thread: 0
TRIM Startin with thread: 9
TRIM Startin with thread: 8
TRIM Startin with thread: 1
TRIM Startin with thread: 6
TRIM Startin with thread: 3
Thread: 7    Time: 30 Sec     Total Reads: 10551427Reads per 30 sec: 1065955

Thread: 2    Time: 30 Sec     Total Reads: 10551537Reads per 30 sec: 1069769

Thread: 4    Time: 30 Sec     Total Reads: 10552166Reads per 30 sec: 1066700

Thread: 8    Time: 30 Sec     Total Reads: 10552608Reads per 30 sec: 1072486

Thread: 6    Time: 30 Sec     Total Reads: 10552945Reads per 30 sec: 1066196

Thread: 5    Time: 30 Sec     Total Reads: 10553284Reads per 30 sec: 1074242

Thread: 1    Time: 30 Sec     Total Reads: 10553624Reads per 30 sec: 1067216

Thread: 0    Time: 30 Sec     Total Reads: 10553972Reads per 30 sec: 1053088

Thread: 9    Time: 30 Sec     Total Reads: 10554385Reads per 30 sec: 1101598

Thread: 3    Time: 30 Sec     Total Reads: 10554829Reads per 30 sec: 1065569

Thread 5
-----Ending File: /scratch/dmendoza/logs/files/fastqFiles/tTest/split09.fastq-----
Total Reads: 16376228
Total read elapsed time: 0 seconds.
Boyer elapsed time: 13 seconds.
Window elapsed time: 17 seconds.
Write elapsed time: 2 seconds.
Closed: /scratch/dmendoza/logs/files/fastqFiles/tTest/split09.fastq
Thread: 7    Time: 60 Sec     Total Reads: 19896673Reads per 30 sec: 975532

Thread: 2    Time: 60 Sec     Total Reads: 19897103Reads per 30 sec: 980934

Thread: 4    Time: 60 Sec     Total Reads: 19898019Reads per 30 sec: 991411

Thread: 8    Time: 60 Sec     Total Reads: 19898469Reads per 30 sec: 969639

Thread: 6    Time: 60 Sec     Total Reads: 19898793Reads per 30 sec: 1059581

Thread: 1    Time: 60 Sec     Total Reads: 19899356Reads per 30 sec: 966370

Thread: 0    Time: 60 Sec     Total Reads: 19899677Reads per 30 sec: 991304

Thread: 9    Time: 60 Sec     Total Reads: 19900053Reads per 30 sec: 972047

Thread: 3    Time: 60 Sec     Total Reads: 19900482Reads per 30 sec: 971599

Thread 6
-----Ending File: /scratch/dmendoza/logs/files/fastqFiles/tTest/split02.fastq-----
Total Reads: 20682452
Total read elapsed time: 1 seconds.
Boyer elapsed time: 17 seconds.
Window elapsed time: 21 seconds.
Write elapsed time: 3 seconds.
Closed: /scratch/dmendoza/logs/files/fastqFiles/tTest/split02.fastq
Thread 9
-----Ending File: /scratch/dmendoza/logs/files/fastqFiles/tTest/split07.fastq-----
Total Reads: 21310268
Total read elapsed time: 0 seconds.
Boyer elapsed time: 17 seconds.
Window elapsed time: 22 seconds.
Write elapsed time: 3 seconds.
Closed: /scratch/dmendoza/logs/files/fastqFiles/tTest/split07.fastq
Thread 2
-----Ending File: /scratch/dmendoza/logs/files/fastqFiles/tTest/split05.fastq-----
Total Reads: 21546896
Total read elapsed time: 1 seconds.
Boyer elapsed time: 17 seconds.
Window elapsed time: 23 seconds.
Write elapsed time: 2 seconds.
Closed: /scratch/dmendoza/logs/files/fastqFiles/tTest/split05.fastq
Thread 3
-----Ending File: /scratch/dmendoza/logs/files/fastqFiles/tTest/split00.fastq-----
Total Reads: 21565114
Total read elapsed time: 0 seconds.
Boyer elapsed time: 17 seconds.
Window elapsed time: 23 seconds.
Write elapsed time: 3 seconds.
Closed: /scratch/dmendoza/logs/files/fastqFiles/tTest/split00.fastq
Thread 4
-----Ending File: /scratch/dmendoza/logs/files/fastqFiles/tTest/split03.fastq-----
Total Reads: 21567215
Total read elapsed time: 0 seconds.
Boyer elapsed time: 17 seconds.
Window elapsed time: 23 seconds.
Write elapsed time: 3 seconds.
Closed: /scratch/dmendoza/logs/files/fastqFiles/tTest/split03.fastq
Thread 1
-----Ending File: /scratch/dmendoza/logs/files/fastqFiles/tTest/split04.fastq-----
Total Reads: 21607005
Total read elapsed time: 0 seconds.
Boyer elapsed time: 17 seconds.
Window elapsed time: 23 seconds.
Write elapsed time: 3 seconds.
Closed: /scratch/dmendoza/logs/files/fastqFiles/tTest/split04.fastq
Thread 7
-----Ending File: /scratch/dmendoza/logs/files/fastqFiles/tTest/split01.fastq-----
Total Reads: 21611787
Total read elapsed time: 1 seconds.
Boyer elapsed time: 17 seconds.
Window elapsed time: 23 seconds.
Write elapsed time: 3 seconds.
Closed: /scratch/dmendoza/logs/files/fastqFiles/tTest/split01.fastq
Thread 8
-----Ending File: /scratch/dmendoza/logs/files/fastqFiles/tTest/split08.fastq-----
Total Reads: 21618674
Total read elapsed time: 0 seconds.
Boyer elapsed time: 17 seconds.
Window elapsed time: 23 seconds.
Write elapsed time: 3 seconds.
Closed: /scratch/dmendoza/logs/files/fastqFiles/tTest/split08.fastq
Thread 0
-----Ending File: /scratch/dmendoza/logs/files/fastqFiles/tTest/split06.fastq-----
Total Reads: 21622217
Total read elapsed time: 0 seconds.
Boyer elapsed time: 18 seconds.
Window elapsed time: 22 seconds.
Write elapsed time: 3 seconds.
Closed: /scratch/dmendoza/logs/files/fastqFiles/tTest/split06.fastq
Trim elapsed time: 66 seconds.
Success! Combining Temp Files
Combining 
elapsed time: 93 seconds.
-----DONE-----
-----Summery-----
Adapters removed: 0
Read trimmed: 21582947
Total reads: 21622217
real	3m15.704s
user	25m34.015s
sys	0m45.160s
