Input file: /scratch/dmendoza/logs/testFiles/8276.fastq.gz
Temp path: /scratch/dmendoza/logs/files/fastqFiles/temp/
Output path: /scratch/dmendoza/logs/files/fastqFiles/
-----SPLITING-----
/scratch/dmendoza/logs/testFiles/8276.fastq.gz
Split elapsed time: 250 seconds.
Attempting parallel trim
Trimming starting with thread: 1
Trimming starting with thread: 8
Trimming starting with thread: 9
Trimming starting with thread: 2
Trimming starting with thread: 0
Trimming starting with thread: 7
Trimming starting with thread: 4
Trimming starting with thread: 6
Trimming starting with thread: 5
Trimming starting with thread: 3
32,32,32,32,32,32,32,32,32,32,32,32,32,32,32,32,32,32,32,32,32,32,32,32,32,32,32,32,32,32,32,4,9,1,

real	4m10.124s
user	3m55.672s
sys	1m41.929s
