*****SPLITING*****
/scratch/dmendoza/logs/testFiles/8276-200M.fastq.gz
Split elapsed time: 85 seconds.
Attempting parallel trim
TRIM Startin with thread: 4
TRIM Startin with thread: 6
TRIM Startin with thread: 0
TRIM Startin with thread: 8
TRIM Startin with thread: 3
TRIM Startin with thread: 7
TRIM Startin with thread: 1
TRIM Startin with thread: 9
TRIM Startin with thread: 2
TRIM Startin with thread: 5
Thread: 6    Time: 30 Sec         Total Reads: 12388540    Reads per 30 sec: 1270937

Thread: 5    Time: 30 Sec         Total Reads: 12388541    Reads per 30 sec: 1275525

Thread: 2    Time: 30 Sec         Total Reads: 12388541    Reads per 30 sec: 1271783

Thread: 4    Time: 30 Sec         Total Reads: 12388542    Reads per 30 sec: 1273028

Thread: 0    Time: 30 Sec         Total Reads: 12388623    Reads per 30 sec: 1222526

Thread: 9    Time: 30 Sec         Total Reads: 12388646    Reads per 30 sec: 1273397

Thread: 8    Time: 30 Sec         Total Reads: 12388988    Reads per 30 sec: 1274996

Thread: 1    Time: 31 Sec         Total Reads: 12390573    Reads per 30 sec: 1271890

Thread: 3    Time: 31 Sec         Total Reads: 12414983    Reads per 30 sec: 1273226

Thread: 7    Time: 31 Sec         Total Reads: 12468789    Reads per 30 sec: 1269934

Thread: 0    Time: 60 Sec         Total Reads: 25149388    Reads per 30 sec: 1249674

Thread: 9    Time: 60 Sec         Total Reads: 25149551    Reads per 30 sec: 1316752

Thread: 7    Time: 60 Sec         Total Reads: 25150034    Reads per 30 sec: 1304823

Thread: 1    Time: 60 Sec         Total Reads: 25150727    Reads per 30 sec: 1315973

Thread: 8    Time: 60 Sec         Total Reads: 25151546    Reads per 30 sec: 1315663

Thread: 2    Time: 60 Sec         Total Reads: 25152409    Reads per 30 sec: 1315757

Thread: 6    Time: 60 Sec         Total Reads: 25153341    Reads per 30 sec: 1312658

Thread: 4    Time: 60 Sec         Total Reads: 25154282    Reads per 30 sec: 1312322

Thread: 5    Time: 60 Sec         Total Reads: 25154998    Reads per 30 sec: 1305031

Thread: 3    Time: 60 Sec         Total Reads: 25155779    Reads per 30 sec: 1309221

Thread: 0    Time: 90 Sec         Total Reads: 37483831    Reads per 30 sec: 1241520

Thread: 9    Time: 90 Sec         Total Reads: 37484636    Reads per 30 sec: 1260923

Thread: 7    Time: 90 Sec         Total Reads: 37485181    Reads per 30 sec: 1265564

Thread: 1    Time: 90 Sec         Total Reads: 37485924    Reads per 30 sec: 1265608

Thread: 8    Time: 90 Sec         Total Reads: 37486757    Reads per 30 sec: 1265121

Thread: 2    Time: 90 Sec         Total Reads: 37487667    Reads per 30 sec: 1265484

Thread: 6    Time: 90 Sec         Total Reads: 37488680    Reads per 30 sec: 1268615

Thread: 4    Time: 90 Sec         Total Reads: 37489682    Reads per 30 sec: 1259508

Thread: 5    Time: 90 Sec         Total Reads: 37490507    Reads per 30 sec: 1261504

Thread: 3    Time: 90 Sec         Total Reads: 37491273    Reads per 30 sec: 1263562

Thread 2
-----Ending File: /scratch/dmendoza/logs/files/fastqFiles/tTest/split05.fastq-----
Total Reads: 48603487
Total read elapsed time: 3 seconds.
Boyer elapsed time: 28 seconds.
Window elapsed time: 41 seconds.
Write elapsed time: 10 seconds.
Closed: /scratch/dmendoza/logs/files/fastqFiles/tTest/split05.fastq
Thread 9
-----Ending File: /scratch/dmendoza/logs/files/fastqFiles/tTest/split07.fastq-----
Total Reads: 48608574
Total read elapsed time: 3 seconds.
Boyer elapsed time: 28 seconds.
Window elapsed time: 42 seconds.
Write elapsed time: 8 seconds.
Closed: /scratch/dmendoza/logs/files/fastqFiles/tTest/split07.fastq
Thread 6
-----Ending File: /scratch/dmendoza/logs/files/fastqFiles/tTest/split02.fastq-----
Total Reads: 48639577
Total read elapsed time: 1 seconds.
Boyer elapsed time: 28 seconds.
Window elapsed time: 40 seconds.
Write elapsed time: 11 seconds.
Closed: /scratch/dmendoza/logs/files/fastqFiles/tTest/split02.fastq
Thread 8
-----Ending File: /scratch/dmendoza/logs/files/fastqFiles/tTest/split08.fastq-----
Total Reads: 48643303
Total read elapsed time: 4 seconds.
Boyer elapsed time: 28 seconds.
Window elapsed time: 40 seconds.
Write elapsed time: 9 seconds.
Closed: /scratch/dmendoza/logs/files/fastqFiles/tTest/split08.fastq
Thread 1
-----Ending File: /scratch/dmendoza/logs/files/fastqFiles/tTest/split04.fastq-----
Total Reads: 48651454
Total read elapsed time: 2 seconds.
Boyer elapsed time: 28 seconds.
Window elapsed time: 39 seconds.
Write elapsed time: 11 seconds.
Closed: /scratch/dmendoza/logs/files/fastqFiles/tTest/split04.fastq
Thread 3
-----Ending File: /scratch/dmendoza/logs/files/fastqFiles/tTest/split00.fastq-----
Total Reads: 48659906
Total read elapsed time: 1 seconds.
Boyer elapsed time: 28 seconds.
Window elapsed time: 40 seconds.
Write elapsed time: 13 seconds.
Closed: /scratch/dmendoza/logs/files/fastqFiles/tTest/split00.fastq
Thread 5
-----Ending File: /scratch/dmendoza/logs/files/fastqFiles/tTest/split09.fastq-----
Total Reads: 48662734
Total read elapsed time: 2 seconds.
Boyer elapsed time: 28 seconds.
Window elapsed time: 41 seconds.
Write elapsed time: 10 seconds.
Closed: /scratch/dmendoza/logs/files/fastqFiles/tTest/split09.fastq
Thread 7
-----Ending File: /scratch/dmendoza/logs/files/fastqFiles/tTest/split01.fastq-----
Total Reads: 48669259
Total read elapsed time: 1 seconds.
Boyer elapsed time: 28 seconds.
Window elapsed time: 39 seconds.
Write elapsed time: 13 seconds.
Closed: /scratch/dmendoza/logs/files/fastqFiles/tTest/split01.fastq
Thread 4
-----Ending File: /scratch/dmendoza/logs/files/fastqFiles/tTest/split03.fastq-----
Total Reads: 48670082
Total read elapsed time: 3 seconds.
Boyer elapsed time: 28 seconds.
Window elapsed time: 40 seconds.
Write elapsed time: 10 seconds.
Closed: /scratch/dmendoza/logs/files/fastqFiles/tTest/split03.fastq
Thread: 0    Time: 120 Sec         Total Reads: 48781518    Reads per 30 sec: 1185269

Thread 0
-----Ending File: /scratch/dmendoza/logs/files/fastqFiles/tTest/split06.fastq-----
Total Reads: 48882529
Total read elapsed time: 2 seconds.
Boyer elapsed time: 30 seconds.
Window elapsed time: 41 seconds.
Write elapsed time: 11 seconds.
Closed: /scratch/dmendoza/logs/files/fastqFiles/tTest/split06.fastq
Trim elapsed time: 123 seconds.
Success! Combining Temp Files
Combining 
elapsed time: 204 seconds.
-----DONE-----
-----Summery-----
Adapters removed: 1076200
Read trimmed: 5511956
Total reads: 48882529
real	6m55.002s
user	49m45.810s
sys	1m32.026s
