5
Input file: /scratch/dmendoza/logs/testFiles/8276-200M.fastq.gz
Temp path: /scratch/dmendoza/logs/files/fastqFiles/temp/
Output path: /scratch/dmendoza/logs/files/fastqFiles/
-----SPLITING-----
/scratch/dmendoza/logs/testFiles/8276-200M.fastq.gz
Split elapsed time: 83 seconds.
Attempting parallel trim
Trimming starting with thread: 2
Trimming starting with thread: 0
Trimming starting with thread: 4
Trimming starting with thread: 7
Trimming starting with thread: 6
Trimming starting with thread: 3
Trimming starting with thread: 1
Trimming starting with thread: 9
Trimming starting with thread: 5
Trimming starting with thread: 8
Thread: 9    Time: 30 Sec     Total Reads: 12747197    Reads per 30 sec: 1308437

Thread: 2    Time: 30 Sec     Total Reads: 12747710    Reads per 30 sec: 1303236

Thread: 1    Time: 30 Sec     Total Reads: 12748244    Reads per 30 sec: 1312561

Thread: 0    Time: 30 Sec     Total Reads: 12749349    Reads per 30 sec: 1244451

Thread: 8    Time: 30 Sec     Total Reads: 12750109    Reads per 30 sec: 1316269

Thread: 5    Time: 30 Sec     Total Reads: 12750793    Reads per 30 sec: 1311926

Thread: 7    Time: 30 Sec     Total Reads: 12751304    Reads per 30 sec: 1303010

Thread: 4    Time: 30 Sec     Total Reads: 12751909    Reads per 30 sec: 1303478

Thread: 6    Time: 30 Sec     Total Reads: 12752686    Reads per 30 sec: 1308811

Thread: 3    Time: 30 Sec     Total Reads: 12754006    Reads per 30 sec: 1314827

Thread: 9    Time: 60 Sec     Total Reads: 24482734    Reads per 30 sec: 1242372

Thread: 2    Time: 60 Sec     Total Reads: 24483254    Reads per 30 sec: 1223997

Thread: 1    Time: 60 Sec     Total Reads: 24483808    Reads per 30 sec: 1192362

Thread: 0    Time: 60 Sec     Total Reads: 24484928    Reads per 30 sec: 1150240

Thread: 8    Time: 60 Sec     Total Reads: 24485675    Reads per 30 sec: 1216209

Thread: 5    Time: 60 Sec     Total Reads: 24486345    Reads per 30 sec: 1219096

Thread: 7    Time: 60 Sec     Total Reads: 24486870    Reads per 30 sec: 1131760

Thread: 4    Time: 60 Sec     Total Reads: 24487474    Reads per 30 sec: 1198940

Thread: 6    Time: 60 Sec     Total Reads: 24488270    Reads per 30 sec: 1177802

Thread: 3    Time: 60 Sec     Total Reads: 24489530    Reads per 30 sec: 1232980

Thread: 2    Time: 90 Sec     Total Reads: 36516160    Reads per 30 sec: 1211132

Thread: 0    Time: 90 Sec     Total Reads: 36516163    Reads per 30 sec: 1176792

Thread: 5    Time: 90 Sec     Total Reads: 36516163    Reads per 30 sec: 1224033

Thread: 6    Time: 90 Sec     Total Reads: 36516165    Reads per 30 sec: 1239583

Thread: 7    Time: 90 Sec     Total Reads: 36524609    Reads per 30 sec: 1272774

Thread: 9    Time: 90 Sec     Total Reads: 36534909    Reads per 30 sec: 1203313

Thread: 1    Time: 90 Sec     Total Reads: 36549543    Reads per 30 sec: 1246015

Thread: 8    Time: 90 Sec     Total Reads: 36565172    Reads per 30 sec: 1222115

Thread: 3    Time: 90 Sec     Total Reads: 36681912    Reads per 30 sec: 1248847

Thread: 4    Time: 90 Sec     Total Reads: 36683323    Reads per 30 sec: 1244572

Thread: 9    Time: 120 Sec     Total Reads: 48185021    Reads per 30 sec: 1206563

Thread: 2    Time: 120 Sec     Total Reads: 48185040    Reads per 30 sec: 1195407

Thread: 1    Time: 120 Sec     Total Reads: 48185049    Reads per 30 sec: 1213064

Thread: 0    Time: 120 Sec     Total Reads: 48185247    Reads per 30 sec: 1132881

Thread: 8    Time: 120 Sec     Total Reads: 48186282    Reads per 30 sec: 1215088

Thread: 5    Time: 120 Sec     Total Reads: 48186650    Reads per 30 sec: 1231738

Thread: 7    Time: 120 Sec     Total Reads: 48187157    Reads per 30 sec: 1142542

Thread: 4    Time: 120 Sec     Total Reads: 48187732    Reads per 30 sec: 1174149

Thread: 6    Time: 120 Sec     Total Reads: 48188450    Reads per 30 sec: 1226365

Thread: 3    Time: 120 Sec     Total Reads: 48189710    Reads per 30 sec: 1185974

Thread 5
-----Ending File: /scratch/dmendoza/logs/files/fastqFiles/temp/split09.fastq-----
Total Reads: 48323983
Total read elapsed time: 7 seconds.
Boyer elapsed time: 29 seconds.
Window elapsed time: 34 seconds.
Write elapsed time: 13 seconds.
Closed: /scratch/dmendoza/logs/files/fastqFiles/temp/split09.fastq
Deleted: /scratch/dmendoza/logs/files/fastqFiles/temp/split09.fastq
Thread 3
-----Ending File: /scratch/dmendoza/logs/files/fastqFiles/temp/split00.fastq-----
Total Reads: 48362741
Total read elapsed time: 7 seconds.
Boyer elapsed time: 29 seconds.
Window elapsed time: 34 seconds.
Write elapsed time: 13 seconds.
Closed: /scratch/dmendoza/logs/files/fastqFiles/temp/split00.fastq
Deleted: /scratch/dmendoza/logs/files/fastqFiles/temp/split00.fastq
Thread 8
-----Ending File: /scratch/dmendoza/logs/files/fastqFiles/temp/split08.fastq-----
Total Reads: 48461226
Total read elapsed time: 8 seconds.
Boyer elapsed time: 29 seconds.
Window elapsed time: 34 seconds.
Write elapsed time: 12 seconds.
Closed: /scratch/dmendoza/logs/files/fastqFiles/temp/split08.fastq
Deleted: /scratch/dmendoza/logs/files/fastqFiles/temp/split08.fastq
Thread 1
-----Ending File: /scratch/dmendoza/logs/files/fastqFiles/temp/split04.fastq-----
Total Reads: 48499529
Total read elapsed time: 8 seconds.
Boyer elapsed time: 29 seconds.
Window elapsed time: 34 seconds.
Write elapsed time: 12 seconds.
Closed: /scratch/dmendoza/logs/files/fastqFiles/temp/split04.fastq
Deleted: /scratch/dmendoza/logs/files/fastqFiles/temp/split04.fastq
Thread 9
-----Ending File: /scratch/dmendoza/logs/files/fastqFiles/temp/split07.fastq-----
Total Reads: 48516248
Total read elapsed time: 8 seconds.
Boyer elapsed time: 29 seconds.
Window elapsed time: 34 seconds.
Write elapsed time: 13 seconds.
Closed: /scratch/dmendoza/logs/files/fastqFiles/temp/split07.fastq
Deleted: /scratch/dmendoza/logs/files/fastqFiles/temp/split07.fastq
Thread 6
-----Ending File: /scratch/dmendoza/logs/files/fastqFiles/temp/split02.fastq-----
Total Reads: 48558628
Total read elapsed time: 9 seconds.
Boyer elapsed time: 29 seconds.
Window elapsed time: 34 seconds.
Write elapsed time: 12 seconds.
Closed: /scratch/dmendoza/logs/files/fastqFiles/temp/split02.fastq
Deleted: /scratch/dmendoza/logs/files/fastqFiles/temp/split02.fastq
Thread 2
-----Ending File: /scratch/dmendoza/logs/files/fastqFiles/temp/split05.fastq-----
Total Reads: 48629402
Total read elapsed time: 8 seconds.
Boyer elapsed time: 29 seconds.
Window elapsed time: 34 seconds.
Write elapsed time: 14 seconds.
Closed: /scratch/dmendoza/logs/files/fastqFiles/temp/split05.fastq
Deleted: /scratch/dmendoza/logs/files/fastqFiles/temp/split05.fastq
Thread 4
-----Ending File: /scratch/dmendoza/logs/files/fastqFiles/temp/split03.fastq-----
Total Reads: 48666763
Total read elapsed time: 8 seconds.
Boyer elapsed time: 29 seconds.
Window elapsed time: 34 seconds.
Write elapsed time: 14 seconds.
Closed: /scratch/dmendoza/logs/files/fastqFiles/temp/split03.fastq
Deleted: /scratch/dmendoza/logs/files/fastqFiles/temp/split03.fastq
Thread 7
-----Ending File: /scratch/dmendoza/logs/files/fastqFiles/temp/split01.fastq-----
Total Reads: 48808256
Total read elapsed time: 9 seconds.
Boyer elapsed time: 29 seconds.
Window elapsed time: 34 seconds.
Write elapsed time: 14 seconds.
Closed: /scratch/dmendoza/logs/files/fastqFiles/temp/split01.fastq
Deleted: /scratch/dmendoza/logs/files/fastqFiles/temp/split01.fastq
Thread 0
-----Ending File: /scratch/dmendoza/logs/files/fastqFiles/temp/split06.fastq-----
Total Reads: 48953521
Total read elapsed time: 7 seconds.
Boyer elapsed time: 31 seconds.
Window elapsed time: 36 seconds.
Write elapsed time: 13 seconds.
Closed: /scratch/dmendoza/logs/files/fastqFiles/temp/split06.fastq
Deleted: /scratch/dmendoza/logs/files/fastqFiles/temp/split06.fastq
Trim elapsed time: 127 seconds.
Success! Combining Temp Files
/scratch/dmendoza/logs/files/fastqFiles/combined.fastq.gz
Combining elapsed time: 209 seconds.
-------DONE-------
------Summery-----
Adapters removed: 1076255
Read trimmed: 5513121
Total reads: 48953521

real	7m3.315s
user	51m21.175s
sys	1m37.934s
