*****SPLITING*****
Split elapsed time: 66 seconds.
Attempting parallel trim
TRIM Startin with thread: 0
TRIM Startin with thread: 6
TRIM Startin with thread: 5
TRIM Startin with thread: 3
TRIM Startin with thread: 9
TRIM Startin with thread: 2
TRIM Startin with thread: 7
TRIM Startin with thread: 4
TRIM Startin with thread: 1
TRIM Startin with thread: 8
Thread: 0            Time: 30 Sec     Total Reads: 16355774       Reads/Min: 1557350

Thread: 5            Time: 30 Sec     Total Reads: 16360863       Reads/Min: 1684034

Thread: 6            Time: 30 Sec     Total Reads: 16361441       Reads/Min: 1625167

Thread: 9            Time: 30 Sec     Total Reads: 16362046       Reads/Min: 1688775

Thread: 3            Time: 30 Sec     Total Reads: 16362690       Reads/Min: 1686645

Thread: 4            Time: 30 Sec     Total Reads: 16363312       Reads/Min: 1686284

Thread: 1            Time: 30 Sec     Total Reads: 16363964       Reads/Min: 1691463

Thread: 7            Time: 30 Sec     Total Reads: 16364694       Reads/Min: 1692853

Thread: 2            Time: 30 Sec     Total Reads: 16369219       Reads/Min: 1684776

Thread: 8            Time: 30 Sec     Total Reads: 16369785       Reads/Min: 1688212

Thread: 0            Time: 60 Sec     Total Reads: 30598992       Reads/Min: 1412174

Thread: 5            Time: 60 Sec     Total Reads: 30604146       Reads/Min: 1510918

Thread: 6            Time: 60 Sec     Total Reads: 30604706       Reads/Min: 1440606

Thread: 9            Time: 60 Sec     Total Reads: 30605309       Reads/Min: 1481045

Thread: 3            Time: 60 Sec     Total Reads: 30605953       Reads/Min: 1491617

Thread: 4            Time: 60 Sec     Total Reads: 30606570       Reads/Min: 1471605

Thread: 1            Time: 60 Sec     Total Reads: 30607206       Reads/Min: 1458105

Thread: 7            Time: 60 Sec     Total Reads: 30607933       Reads/Min: 1439471

Thread: 2            Time: 60 Sec     Total Reads: 30612457       Reads/Min: 1414077

Thread: 8            Time: 60 Sec     Total Reads: 30613020       Reads/Min: 1396108

Thread: 0            Time: 90 Sec     Total Reads: 45546175       Reads/Min: 1402783

Thread: 5            Time: 90 Sec     Total Reads: 45551219       Reads/Min: 1511923

Thread: 6            Time: 90 Sec     Total Reads: 45551802       Reads/Min: 1455622

Thread: 9            Time: 90 Sec     Total Reads: 45552403       Reads/Min: 1507020

Thread: 3            Time: 90 Sec     Total Reads: 45553045       Reads/Min: 1594964

Thread: 4            Time: 90 Sec     Total Reads: 45553674       Reads/Min: 1579869

Thread: 1            Time: 90 Sec     Total Reads: 45554310       Reads/Min: 1566016

Thread: 7            Time: 90 Sec     Total Reads: 45555040       Reads/Min: 1561735

Thread: 2            Time: 90 Sec     Total Reads: 45559583       Reads/Min: 1540779

Thread: 8            Time: 90 Sec     Total Reads: 45560155       Reads/Min: 1513181

Thread 3
-----Ending File: /scratch/dmendoza/logs/files/fastqFiles/tTest/split00.fastq-----
Total Reads: 47750933
Total read elapsed time: 0 seconds.
Boyer elapsed time: 25 seconds.
Window elapsed time: 29 seconds.
Write elapsed time: 5 seconds.
Closed: /scratch/dmendoza/logs/files/fastqFiles/tTest/split00.fastq
Thread 4
-----Ending File: /scratch/dmendoza/logs/files/fastqFiles/tTest/split03.fastq-----
Total Reads: 48062959
Total read elapsed time: 0 seconds.
Boyer elapsed time: 25 seconds.
Window elapsed time: 29 seconds.
Write elapsed time: 6 seconds.
Closed: /scratch/dmendoza/logs/files/fastqFiles/tTest/split03.fastq
Thread 1
-----Ending File: /scratch/dmendoza/logs/files/fastqFiles/tTest/split04.fastq-----
Total Reads: 48232270
Total read elapsed time: 0 seconds.
Boyer elapsed time: 25 seconds.
Window elapsed time: 29 seconds.
Write elapsed time: 6 seconds.
Closed: /scratch/dmendoza/logs/files/fastqFiles/tTest/split04.fastq
Thread 5
-----Ending File: /scratch/dmendoza/logs/files/fastqFiles/tTest/split09.fastq-----
Total Reads: 48297795
Total read elapsed time: 0 seconds.
Boyer elapsed time: 26 seconds.
Window elapsed time: 29 seconds.
Write elapsed time: 6 seconds.
Closed: /scratch/dmendoza/logs/files/fastqFiles/tTest/split09.fastq
Thread 7
-----Ending File: /scratch/dmendoza/logs/files/fastqFiles/tTest/split01.fastq-----
Total Reads: 48369830
Total read elapsed time: 0 seconds.
Boyer elapsed time: 25 seconds.
Window elapsed time: 29 seconds.
Write elapsed time: 7 seconds.
Closed: /scratch/dmendoza/logs/files/fastqFiles/tTest/split01.fastq
Thread 9
-----Ending File: /scratch/dmendoza/logs/files/fastqFiles/tTest/split07.fastq-----
Total Reads: 48457933
Total read elapsed time: 0 seconds.
Boyer elapsed time: 26 seconds.
Window elapsed time: 29 seconds.
Write elapsed time: 7 seconds.
Closed: /scratch/dmendoza/logs/files/fastqFiles/tTest/split07.fastq
Thread 2
-----Ending File: /scratch/dmendoza/logs/files/fastqFiles/tTest/split05.fastq-----
Total Reads: 48580464
Total read elapsed time: 0 seconds.
Boyer elapsed time: 26 seconds.
Window elapsed time: 29 seconds.
Write elapsed time: 7 seconds.
Closed: /scratch/dmendoza/logs/files/fastqFiles/tTest/split05.fastq
Thread 8
-----Ending File: /scratch/dmendoza/logs/files/fastqFiles/tTest/split08.fastq-----
Total Reads: 48781048
Total read elapsed time: 0 seconds.
Boyer elapsed time: 26 seconds.
Window elapsed time: 29 seconds.
Write elapsed time: 8 seconds.
Closed: /scratch/dmendoza/logs/files/fastqFiles/tTest/split08.fastq
Thread 6
-----Ending File: /scratch/dmendoza/logs/files/fastqFiles/tTest/split02.fastq-----
Total Reads: 48897494
Total read elapsed time: 0 seconds.
Boyer elapsed time: 27 seconds.
Window elapsed time: 30 seconds.
Write elapsed time: 6 seconds.
Closed: /scratch/dmendoza/logs/files/fastqFiles/tTest/split02.fastq
Thread 0
-----Ending File: /scratch/dmendoza/logs/files/fastqFiles/tTest/split06.fastq-----
Total Reads: 49065309
Total read elapsed time: 0 seconds.
Boyer elapsed time: 29 seconds.
Window elapsed time: 29 seconds.
Write elapsed time: 6 seconds.
Closed: /scratch/dmendoza/logs/files/fastqFiles/tTest/split06.fastq
Trim elapsed time: 103 seconds.
Success! Combining Temp Files
Combining 
-----DONE-----
-----Summery-----
Adapters removed: 1076293
Read trimmed: 5514931
Total reads: 49065309
real	4m51.381s
user	50m38.283s
sys	1m4.089s
